{"total": {"lines":{"total":15293,"covered":209,"skipped":0,"pct":1.36},"statements":{"total":16720,"covered":224,"skipped":0,"pct":1.33},"functions":{"total":5825,"covered":34,"skipped":0,"pct":0.58},"branches":{"total":12328,"covered":101,"skipped":0,"pct":0.81},"branchesTrue":{"total":0,"covered":0,"skipped":0,"pct":100}}
,"/Users/pranay/Documents/RE/OndoREDashboard/src/App.tsx": {"lines":{"total":28,"covered":0,"skipped":0,"pct":0},"functions":{"total":26,"covered":0,"skipped":0,"pct":0},"statements":{"total":53,"covered":0,"skipped":0,"pct":0},"branches":{"total":4,"covered":0,"skipped":0,"pct":0}}
,"/Users/pranay/Documents/RE/OndoREDashboard/src/vite-env.d.ts": {"lines":{"total":0,"covered":0,"skipped":0,"pct":100},"functions":{"total":0,"covered":0,"skipped":0,"pct":100},"statements":{"total":0,"covered":0,"skipped":0,"pct":100},"branches":{"total":0,"covered":0,"skipped":0,"pct":100}}
,"/Users/pranay/Documents/RE/OndoREDashboard/src/components/ErrorBoundary.tsx": {"lines":{"total":14,"covered":0,"skipped":0,"pct":0},"functions":{"total":6,"covered":0,"skipped":0,"pct":0},"statements":{"total":14,"covered":0,"skipped":0,"pct":0},"branches":{"total":7,"covered":0,"skipped":0,"pct":0}}
,"/Users/pranay/Documents/RE/OndoREDashboard/src/components/HomeCareRemindersCard.tsx": {"lines":{"total":91,"covered":0,"skipped":0,"pct":0},"functions":{"total":30,"covered":0,"skipped":0,"pct":0},"statements":{"total":104,"covered":0,"skipped":0,"pct":0},"branches":{"total":68,"covered":0,"skipped":0,"pct":0}}
,"/Users/pranay/Documents/RE/OndoREDashboard/src/components/ProtectedRoute.tsx": {"lines":{"total":17,"covered":0,"skipped":0,"pct":0},"functions":{"total":3,"covered":0,"skipped":0,"pct":0},"statements":{"total":18,"covered":0,"skipped":0,"pct":0},"branches":{"total":19,"covered":0,"skipped":0,"pct":0}}
,"/Users/pranay/Documents/RE/OndoREDashboard/src/components/assistant-starter-card.tsx": {"lines":{"total":6,"covered":0,"skipped":0,"pct":0},"functions":{"total":4,"covered":0,"skipped":0,"pct":0},"statements":{"total":6,"covered":0,"skipped":0,"pct":0},"branches":{"total":2,"covered":0,"skipped":0,"pct":0}}
,"/Users/pranay/Documents/RE/OndoREDashboard/src/components/footer.tsx": {"lines":{"total":4,"covered":0,"skipped":0,"pct":0},"functions":{"total":3,"covered":0,"skipped":0,"pct":0},"statements":{"total":4,"covered":0,"skipped":0,"pct":0},"branches":{"total":0,"covered":0,"skipped":0,"pct":100}}
,"/Users/pranay/Documents/RE/OndoREDashboard/src/components/header.tsx": {"lines":{"total":65,"covered":0,"skipped":0,"pct":0},"functions":{"total":22,"covered":0,"skipped":0,"pct":0},"statements":{"total":71,"covered":0,"skipped":0,"pct":0},"branches":{"total":131,"covered":0,"skipped":0,"pct":0}}
,"/Users/pranay/Documents/RE/OndoREDashboard/src/components/landing-page.tsx": {"lines":{"total":16,"covered":0,"skipped":0,"pct":0},"functions":{"total":9,"covered":0,"skipped":0,"pct":0},"statements":{"total":16,"covered":0,"skipped":0,"pct":0},"branches":{"total":0,"covered":0,"skipped":0,"pct":100}}
,"/Users/pranay/Documents/RE/OndoREDashboard/src/components/loading.tsx": {"lines":{"total":1,"covered":0,"skipped":0,"pct":0},"functions":{"total":1,"covered":0,"skipped":0,"pct":0},"statements":{"total":1,"covered":0,"skipped":0,"pct":0},"branches":{"total":0,"covered":0,"skipped":0,"pct":100}}
,"/Users/pranay/Documents/RE/OndoREDashboard/src/components/logo.tsx": {"lines":{"total":20,"covered":0,"skipped":0,"pct":0},"functions":{"total":2,"covered":0,"skipped":0,"pct":0},"statements":{"total":22,"covered":0,"skipped":0,"pct":0},"branches":{"total":27,"covered":0,"skipped":0,"pct":0}}
,"/Users/pranay/Documents/RE/OndoREDashboard/src/components/mode-toggle.tsx": {"lines":{"total":5,"covered":0,"skipped":0,"pct":0},"functions":{"total":4,"covered":0,"skipped":0,"pct":0},"statements":{"total":5,"covered":0,"skipped":0,"pct":0},"branches":{"total":0,"covered":0,"skipped":0,"pct":100}}
,"/Users/pranay/Documents/RE/OndoREDashboard/src/components/page-banner.tsx": {"lines":{"total":1,"covered":0,"skipped":0,"pct":0},"functions":{"total":1,"covered":0,"skipped":0,"pct":0},"statements":{"total":1,"covered":0,"skipped":0,"pct":0},"branches":{"total":4,"covered":0,"skipped":0,"pct":0}}
,"/Users/pranay/Documents/RE/OndoREDashboard/src/components/portal-onboarding-tour.tsx": {"lines":{"total":54,"covered":0,"skipped":0,"pct":0},"functions":{"total":15,"covered":0,"skipped":0,"pct":0},"statements":{"total":61,"covered":0,"skipped":0,"pct":0},"branches":{"total":29,"covered":0,"skipped":0,"pct":0}}
,"/Users/pranay/Documents/RE/OndoREDashboard/src/components/portal-sidebar.tsx": {"lines":{"total":95,"covered":0,"skipped":0,"pct":0},"functions":{"total":39,"covered":0,"skipped":0,"pct":0},"statements":{"total":100,"covered":0,"skipped":0,"pct":0},"branches":{"total":118,"covered":0,"skipped":0,"pct":0}}
,"/Users/pranay/Documents/RE/OndoREDashboard/src/components/property-detail-modal.tsx": {"lines":{"total":17,"covered":0,"skipped":0,"pct":0},"functions":{"total":11,"covered":0,"skipped":0,"pct":0},"statements":{"total":20,"covered":0,"skipped":0,"pct":0},"branches":{"total":97,"covered":0,"skipped":0,"pct":0}}
,"/Users/pranay/Documents/RE/OndoREDashboard/src/components/property-details-modal.tsx": {"lines":{"total":14,"covered":0,"skipped":0,"pct":0},"functions":{"total":10,"covered":0,"skipped":0,"pct":0},"statements":{"total":16,"covered":0,"skipped":0,"pct":0},"branches":{"total":14,"covered":0,"skipped":0,"pct":0}}
,"/Users/pranay/Documents/RE/OndoREDashboard/src/components/property-filter.tsx": {"lines":{"total":75,"covered":0,"skipped":0,"pct":0},"functions":{"total":21,"covered":0,"skipped":0,"pct":0},"statements":{"total":79,"covered":0,"skipped":0,"pct":0},"branches":{"total":40,"covered":0,"skipped":0,"pct":0}}
,"/Users/pranay/Documents/RE/OndoREDashboard/src/components/property-lead-form.tsx": {"lines":{"total":36,"covered":0,"skipped":0,"pct":0},"functions":{"total":21,"covered":0,"skipped":0,"pct":0},"statements":{"total":39,"covered":0,"skipped":0,"pct":0},"branches":{"total":20,"covered":0,"skipped":0,"pct":0}}
,"/Users/pranay/Documents/RE/OndoREDashboard/src/components/property-search.tsx": {"lines":{"total":15,"covered":0,"skipped":0,"pct":0},"functions":{"total":4,"covered":0,"skipped":0,"pct":0},"statements":{"total":16,"covered":0,"skipped":0,"pct":0},"branches":{"total":6,"covered":0,"skipped":0,"pct":0}}
,"/Users/pranay/Documents/RE/OndoREDashboard/src/components/results-grid.tsx": {"lines":{"total":16,"covered":0,"skipped":0,"pct":0},"functions":{"total":9,"covered":0,"skipped":0,"pct":0},"statements":{"total":16,"covered":0,"skipped":0,"pct":0},"branches":{"total":19,"covered":0,"skipped":0,"pct":0}}
,"/Users/pranay/Documents/RE/OndoREDashboard/src/components/results-list.tsx": {"lines":{"total":16,"covered":0,"skipped":0,"pct":0},"functions":{"total":9,"covered":0,"skipped":0,"pct":0},"statements":{"total":16,"covered":0,"skipped":0,"pct":0},"branches":{"total":19,"covered":0,"skipped":0,"pct":0}}
,"/Users/pranay/Documents/RE/OndoREDashboard/src/components/search-form.tsx": {"lines":{"total":29,"covered":0,"skipped":0,"pct":0},"functions":{"total":4,"covered":0,"skipped":0,"pct":0},"statements":{"total":29,"covered":0,"skipped":0,"pct":0},"branches":{"total":12,"covered":0,"skipped":0,"pct":0}}
,"/Users/pranay/Documents/RE/OndoREDashboard/src/components/theme-provider.tsx": {"lines":{"total":1,"covered":0,"skipped":0,"pct":0},"functions":{"total":1,"covered":0,"skipped":0,"pct":0},"statements":{"total":1,"covered":0,"skipped":0,"pct":0},"branches":{"total":0,"covered":0,"skipped":0,"pct":100}}
,"/Users/pranay/Documents/RE/OndoREDashboard/src/components/user-menu.tsx": {"lines":{"total":7,"covered":0,"skipped":0,"pct":0},"functions":{"total":2,"covered":0,"skipped":0,"pct":0},"statements":{"total":7,"covered":0,"skipped":0,"pct":0},"branches":{"total":14,"covered":0,"skipped":0,"pct":0}}
,"/Users/pranay/Documents/RE/OndoREDashboard/src/components/admin/admin-calendar.tsx": {"lines":{"total":14,"covered":0,"skipped":0,"pct":0},"functions":{"total":7,"covered":0,"skipped":0,"pct":0},"statements":{"total":16,"covered":0,"skipped":0,"pct":0},"branches":{"total":12,"covered":0,"skipped":0,"pct":0}}
,"/Users/pranay/Documents/RE/OndoREDashboard/src/components/admin/admin-dashboard.tsx": {"lines":{"total":45,"covered":0,"skipped":0,"pct":0},"functions":{"total":24,"covered":0,"skipped":0,"pct":0},"statements":{"total":47,"covered":0,"skipped":0,"pct":0},"branches":{"total":36,"covered":0,"skipped":0,"pct":0}}
,"/Users/pranay/Documents/RE/OndoREDashboard/src/components/admin/admin-documents.tsx": {"lines":{"total":1,"covered":0,"skipped":0,"pct":0},"functions":{"total":1,"covered":0,"skipped":0,"pct":0},"statements":{"total":1,"covered":0,"skipped":0,"pct":0},"branches":{"total":0,"covered":0,"skipped":0,"pct":100}}
,"/Users/pranay/Documents/RE/OndoREDashboard/src/components/admin/admin-finances.tsx": {"lines":{"total":1,"covered":0,"skipped":0,"pct":0},"functions":{"total":1,"covered":0,"skipped":0,"pct":0},"statements":{"total":1,"covered":0,"skipped":0,"pct":0},"branches":{"total":0,"covered":0,"skipped":0,"pct":100}}
,"/Users/pranay/Documents/RE/OndoREDashboard/src/components/admin/admin-maintenance.tsx": {"lines":{"total":18,"covered":0,"skipped":0,"pct":0},"functions":{"total":5,"covered":0,"skipped":0,"pct":0},"statements":{"total":18,"covered":0,"skipped":0,"pct":0},"branches":{"total":0,"covered":0,"skipped":0,"pct":100}}
,"/Users/pranay/Documents/RE/OndoREDashboard/src/components/admin/admin-managers.tsx": {"lines":{"total":4,"covered":0,"skipped":0,"pct":0},"functions":{"total":1,"covered":0,"skipped":0,"pct":0},"statements":{"total":4,"covered":0,"skipped":0,"pct":0},"branches":{"total":4,"covered":0,"skipped":0,"pct":0}}
,"/Users/pranay/Documents/RE/OndoREDashboard/src/components/admin/admin-messages.tsx": {"lines":{"total":124,"covered":0,"skipped":0,"pct":0},"functions":{"total":55,"covered":0,"skipped":0,"pct":0},"statements":{"total":148,"covered":0,"skipped":0,"pct":0},"branches":{"total":82,"covered":0,"skipped":0,"pct":0}}
,"/Users/pranay/Documents/RE/OndoREDashboard/src/components/admin/admin-nav.tsx": {"lines":{"total":6,"covered":0,"skipped":0,"pct":0},"functions":{"total":4,"covered":0,"skipped":0,"pct":0},"statements":{"total":6,"covered":0,"skipped":0,"pct":0},"branches":{"total":4,"covered":0,"skipped":0,"pct":0}}
,"/Users/pranay/Documents/RE/OndoREDashboard/src/components/admin/admin-notifications.tsx": {"lines":{"total":1,"covered":0,"skipped":0,"pct":0},"functions":{"total":1,"covered":0,"skipped":0,"pct":0},"statements":{"total":1,"covered":0,"skipped":0,"pct":0},"branches":{"total":0,"covered":0,"skipped":0,"pct":100}}
,"/Users/pranay/Documents/RE/OndoREDashboard/src/components/admin/admin-owners.tsx": {"lines":{"total":1,"covered":0,"skipped":0,"pct":0},"functions":{"total":1,"covered":0,"skipped":0,"pct":0},"statements":{"total":1,"covered":0,"skipped":0,"pct":0},"branches":{"total":0,"covered":0,"skipped":0,"pct":100}}
,"/Users/pranay/Documents/RE/OndoREDashboard/src/components/admin/admin-profile.tsx": {"lines":{"total":17,"covered":0,"skipped":0,"pct":0},"functions":{"total":13,"covered":0,"skipped":0,"pct":0},"statements":{"total":20,"covered":0,"skipped":0,"pct":0},"branches":{"total":0,"covered":0,"skipped":0,"pct":100}}
,"/Users/pranay/Documents/RE/OndoREDashboard/src/components/admin/admin-properties.tsx": {"lines":{"total":1,"covered":0,"skipped":0,"pct":0},"functions":{"total":1,"covered":0,"skipped":0,"pct":0},"statements":{"total":1,"covered":0,"skipped":0,"pct":0},"branches":{"total":0,"covered":0,"skipped":0,"pct":100}}
,"/Users/pranay/Documents/RE/OndoREDashboard/src/components/admin/admin-reports.tsx": {"lines":{"total":15,"covered":0,"skipped":0,"pct":0},"functions":{"total":7,"covered":0,"skipped":0,"pct":0},"statements":{"total":15,"covered":0,"skipped":0,"pct":0},"branches":{"total":10,"covered":0,"skipped":0,"pct":0}}
,"/Users/pranay/Documents/RE/OndoREDashboard/src/components/admin/admin-settings.tsx": {"lines":{"total":17,"covered":0,"skipped":0,"pct":0},"functions":{"total":12,"covered":0,"skipped":0,"pct":0},"statements":{"total":19,"covered":0,"skipped":0,"pct":0},"branches":{"total":2,"covered":0,"skipped":0,"pct":0}}
,"/Users/pranay/Documents/RE/OndoREDashboard/src/components/admin/admin-tenants.tsx": {"lines":{"total":1,"covered":0,"skipped":0,"pct":0},"functions":{"total":1,"covered":0,"skipped":0,"pct":0},"statements":{"total":1,"covered":0,"skipped":0,"pct":0},"branches":{"total":0,"covered":0,"skipped":0,"pct":100}}
,"/Users/pranay/Documents/RE/OndoREDashboard/src/components/admin/payment-method-config.tsx": {"lines":{"total":31,"covered":0,"skipped":0,"pct":0},"functions":{"total":7,"covered":0,"skipped":0,"pct":0},"statements":{"total":35,"covered":0,"skipped":0,"pct":0},"branches":{"total":10,"covered":0,"skipped":0,"pct":0}}
,"/Users/pranay/Documents/RE/OndoREDashboard/src/components/auth/onboarding-card.tsx": {"lines":{"total":1,"covered":0,"skipped":0,"pct":0},"functions":{"total":1,"covered":0,"skipped":0,"pct":0},"statements":{"total":1,"covered":0,"skipped":0,"pct":0},"branches":{"total":8,"covered":0,"skipped":0,"pct":0}}
,"/Users/pranay/Documents/RE/OndoREDashboard/src/components/auth/onboarding-checklist.tsx": {"lines":{"total":2,"covered":0,"skipped":0,"pct":0},"functions":{"total":2,"covered":0,"skipped":0,"pct":0},"statements":{"total":2,"covered":0,"skipped":0,"pct":0},"branches":{"total":0,"covered":0,"skipped":0,"pct":100}}
,"/Users/pranay/Documents/RE/OndoREDashboard/src/components/auth/onboarding-layout.tsx": {"lines":{"total":1,"covered":0,"skipped":0,"pct":0},"functions":{"total":1,"covered":0,"skipped":0,"pct":0},"statements":{"total":1,"covered":0,"skipped":0,"pct":0},"branches":{"total":7,"covered":0,"skipped":0,"pct":0}}
,"/Users/pranay/Documents/RE/OndoREDashboard/src/components/dashboard/dashboard-header.tsx": {"lines":{"total":1,"covered":0,"skipped":0,"pct":0},"functions":{"total":1,"covered":0,"skipped":0,"pct":0},"statements":{"total":1,"covered":0,"skipped":0,"pct":0},"branches":{"total":2,"covered":0,"skipped":0,"pct":0}}
,"/Users/pranay/Documents/RE/OndoREDashboard/src/components/dashboard/dashboard-nav.tsx": {"lines":{"total":5,"covered":0,"skipped":0,"pct":0},"functions":{"total":2,"covered":0,"skipped":0,"pct":0},"statements":{"total":5,"covered":0,"skipped":0,"pct":0},"branches":{"total":2,"covered":0,"skipped":0,"pct":0}}
,"/Users/pranay/Documents/RE/OndoREDashboard/src/components/dashboard/dashboard-overview.tsx": {"lines":{"total":1,"covered":0,"skipped":0,"pct":0},"functions":{"total":1,"covered":0,"skipped":0,"pct":0},"statements":{"total":1,"covered":0,"skipped":0,"pct":0},"branches":{"total":0,"covered":0,"skipped":0,"pct":100}}
,"/Users/pranay/Documents/RE/OndoREDashboard/src/components/dashboard/dashboard-sidebar.tsx": {"lines":{"total":5,"covered":0,"skipped":0,"pct":0},"functions":{"total":2,"covered":0,"skipped":0,"pct":0},"statements":{"total":5,"covered":0,"skipped":0,"pct":0},"branches":{"total":0,"covered":0,"skipped":0,"pct":100}}
,"/Users/pranay/Documents/RE/OndoREDashboard/src/components/dashboard/date-picker-with-range.tsx": {"lines":{"total":1,"covered":0,"skipped":0,"pct":0},"functions":{"total":1,"covered":0,"skipped":0,"pct":0},"statements":{"total":1,"covered":0,"skipped":0,"pct":0},"branches":{"total":6,"covered":0,"skipped":0,"pct":0}}
,"/Users/pranay/Documents/RE/OndoREDashboard/src/components/dashboard/lead-form.tsx": {"lines":{"total":15,"covered":0,"skipped":0,"pct":0},"functions":{"total":9,"covered":0,"skipped":0,"pct":0},"statements":{"total":17,"covered":0,"skipped":0,"pct":0},"branches":{"total":0,"covered":0,"skipped":0,"pct":100}}
,"/Users/pranay/Documents/RE/OndoREDashboard/src/components/dashboard/leads-table.tsx": {"lines":{"total":16,"covered":0,"skipped":0,"pct":0},"functions":{"total":5,"covered":0,"skipped":0,"pct":0},"statements":{"total":16,"covered":0,"skipped":0,"pct":0},"branches":{"total":11,"covered":0,"skipped":0,"pct":0}}
,"/Users/pranay/Documents/RE/OndoREDashboard/src/components/dashboard/leases-table.tsx": {"lines":{"total":15,"covered":0,"skipped":0,"pct":0},"functions":{"total":5,"covered":0,"skipped":0,"pct":0},"statements":{"total":15,"covered":0,"skipped":0,"pct":0},"branches":{"total":13,"covered":0,"skipped":0,"pct":0}}
,"/Users/pranay/Documents/RE/OndoREDashboard/src/components/dashboard/maintenance-requests.tsx": {"lines":{"total":17,"covered":0,"skipped":0,"pct":0},"functions":{"total":4,"covered":0,"skipped":0,"pct":0},"statements":{"total":17,"covered":0,"skipped":0,"pct":0},"branches":{"total":12,"covered":0,"skipped":0,"pct":0}}
,"/Users/pranay/Documents/RE/OndoREDashboard/src/components/dashboard/maintenance-table.tsx": {"lines":{"total":22,"covered":0,"skipped":0,"pct":0},"functions":{"total":6,"covered":0,"skipped":0,"pct":0},"statements":{"total":22,"covered":0,"skipped":0,"pct":0},"branches":{"total":19,"covered":0,"skipped":0,"pct":0}}
,"/Users/pranay/Documents/RE/OndoREDashboard/src/components/dashboard/payments-table.tsx": {"lines":{"total":22,"covered":0,"skipped":0,"pct":0},"functions":{"total":6,"covered":0,"skipped":0,"pct":0},"statements":{"total":22,"covered":0,"skipped":0,"pct":0},"branches":{"total":24,"covered":0,"skipped":0,"pct":0}}
,"/Users/pranay/Documents/RE/OndoREDashboard/src/components/dashboard/properties-table.tsx": {"lines":{"total":22,"covered":0,"skipped":0,"pct":0},"functions":{"total":6,"covered":0,"skipped":0,"pct":0},"statements":{"total":22,"covered":0,"skipped":0,"pct":0},"branches":{"total":22,"covered":0,"skipped":0,"pct":0}}
,"/Users/pranay/Documents/RE/OndoREDashboard/src/components/dashboard/recent-leads.tsx": {"lines":{"total":11,"covered":0,"skipped":0,"pct":0},"functions":{"total":3,"covered":0,"skipped":0,"pct":0},"statements":{"total":11,"covered":0,"skipped":0,"pct":0},"branches":{"total":16,"covered":0,"skipped":0,"pct":0}}
,"/Users/pranay/Documents/RE/OndoREDashboard/src/components/dashboard/user-activity.tsx": {"lines":{"total":16,"covered":0,"skipped":0,"pct":0},"functions":{"total":4,"covered":0,"skipped":0,"pct":0},"statements":{"total":16,"covered":0,"skipped":0,"pct":0},"branches":{"total":10,"covered":0,"skipped":0,"pct":0}}
,"/Users/pranay/Documents/RE/OndoREDashboard/src/components/dashboard/base/BaseDashboard.tsx": {"lines":{"total":13,"covered":0,"skipped":0,"pct":0},"functions":{"total":6,"covered":0,"skipped":0,"pct":0},"statements":{"total":13,"covered":0,"skipped":0,"pct":0},"branches":{"total":40,"covered":0,"skipped":0,"pct":0}}
,"/Users/pranay/Documents/RE/OndoREDashboard/src/components/dashboard/base/BaseDashboardContext.tsx": {"lines":{"total":52,"covered":0,"skipped":0,"pct":0},"functions":{"total":16,"covered":0,"skipped":0,"pct":0},"statements":{"total":56,"covered":0,"skipped":0,"pct":0},"branches":{"total":15,"covered":0,"skipped":0,"pct":0}}
,"/Users/pranay/Documents/RE/OndoREDashboard/src/components/dashboard/base/index.ts": {"lines":{"total":0,"covered":0,"skipped":0,"pct":100},"functions":{"total":0,"covered":0,"skipped":0,"pct":100},"statements":{"total":0,"covered":0,"skipped":0,"pct":100},"branches":{"total":0,"covered":0,"skipped":0,"pct":100}}
,"/Users/pranay/Documents/RE/OndoREDashboard/src/components/dashboard/base/types.ts": {"lines":{"total":0,"covered":0,"skipped":0,"pct":100},"functions":{"total":0,"covered":0,"skipped":0,"pct":100},"statements":{"total":0,"covered":0,"skipped":0,"pct":100},"branches":{"total":0,"covered":0,"skipped":0,"pct":100}}
,"/Users/pranay/Documents/RE/OndoREDashboard/src/components/dashboard/base/hooks/index.ts": {"lines":{"total":0,"covered":0,"skipped":0,"pct":100},"functions":{"total":0,"covered":0,"skipped":0,"pct":100},"statements":{"total":0,"covered":0,"skipped":0,"pct":100},"branches":{"total":0,"covered":0,"skipped":0,"pct":100}}
,"/Users/pranay/Documents/RE/OndoREDashboard/src/components/dashboard/base/hooks/useDashboardData.ts": {"lines":{"total":16,"covered":0,"skipped":0,"pct":0},"functions":{"total":2,"covered":0,"skipped":0,"pct":0},"statements":{"total":17,"covered":0,"skipped":0,"pct":0},"branches":{"total":4,"covered":0,"skipped":0,"pct":0}}
,"/Users/pranay/Documents/RE/OndoREDashboard/src/components/dashboard/base/hooks/useDashboardNavigation.ts": {"lines":{"total":20,"covered":0,"skipped":0,"pct":0},"functions":{"total":7,"covered":0,"skipped":0,"pct":0},"statements":{"total":23,"covered":0,"skipped":0,"pct":0},"branches":{"total":10,"covered":0,"skipped":0,"pct":0}}
,"/Users/pranay/Documents/RE/OndoREDashboard/src/components/dashboard/base/hooks/useDashboardPermissions.ts": {"lines":{"total":17,"covered":0,"skipped":0,"pct":0},"functions":{"total":7,"covered":0,"skipped":0,"pct":0},"statements":{"total":19,"covered":0,"skipped":0,"pct":0},"branches":{"total":12,"covered":0,"skipped":0,"pct":0}}
,"/Users/pranay/Documents/RE/OndoREDashboard/src/components/dashboard/base/hooks/useDashboardTheme.ts": {"lines":{"total":6,"covered":0,"skipped":0,"pct":0},"functions":{"total":3,"covered":0,"skipped":0,"pct":0},"statements":{"total":6,"covered":0,"skipped":0,"pct":0},"branches":{"total":4,"covered":0,"skipped":0,"pct":0}}
,"/Users/pranay/Documents/RE/OndoREDashboard/src/components/dashboard/base/widgets/ActivityFeed.tsx": {"lines":{"total":23,"covered":0,"skipped":0,"pct":0},"functions":{"total":4,"covered":0,"skipped":0,"pct":0},"statements":{"total":23,"covered":0,"skipped":0,"pct":0},"branches":{"total":29,"covered":0,"skipped":0,"pct":0}}
,"/Users/pranay/Documents/RE/OndoREDashboard/src/components/dashboard/base/widgets/QuickActions.tsx": {"lines":{"total":9,"covered":0,"skipped":0,"pct":0},"functions":{"total":2,"covered":0,"skipped":0,"pct":0},"statements":{"total":9,"covered":0,"skipped":0,"pct":0},"branches":{"total":9,"covered":0,"skipped":0,"pct":0}}
,"/Users/pranay/Documents/RE/OndoREDashboard/src/components/dashboard/base/widgets/StatCard.tsx": {"lines":{"total":7,"covered":0,"skipped":0,"pct":0},"functions":{"total":1,"covered":0,"skipped":0,"pct":0},"statements":{"total":7,"covered":0,"skipped":0,"pct":0},"branches":{"total":20,"covered":0,"skipped":0,"pct":0}}
,"/Users/pranay/Documents/RE/OndoREDashboard/src/components/dashboard/portals/admin/AdminDashboard.new.tsx": {"lines":{"total":25,"covered":0,"skipped":0,"pct":0},"functions":{"total":9,"covered":0,"skipped":0,"pct":0},"statements":{"total":25,"covered":0,"skipped":0,"pct":0},"branches":{"total":26,"covered":0,"skipped":0,"pct":0}}
,"/Users/pranay/Documents/RE/OndoREDashboard/src/components/dashboard/portals/admin/admin.config.tsx": {"lines":{"total":31,"covered":0,"skipped":0,"pct":0},"functions":{"total":22,"covered":0,"skipped":0,"pct":0},"statements":{"total":36,"covered":0,"skipped":0,"pct":0},"branches":{"total":25,"covered":0,"skipped":0,"pct":0}}
,"/Users/pranay/Documents/RE/OndoREDashboard/src/components/dashboard/portals/maintenance/MaintenanceDashboard.new.tsx": {"lines":{"total":23,"covered":0,"skipped":0,"pct":0},"functions":{"total":9,"covered":0,"skipped":0,"pct":0},"statements":{"total":23,"covered":0,"skipped":0,"pct":0},"branches":{"total":14,"covered":0,"skipped":0,"pct":0}}
,"/Users/pranay/Documents/RE/OndoREDashboard/src/components/dashboard/portals/maintenance/maintenance.config.tsx": {"lines":{"total":35,"covered":0,"skipped":0,"pct":0},"functions":{"total":12,"covered":0,"skipped":0,"pct":0},"statements":{"total":37,"covered":0,"skipped":0,"pct":0},"branches":{"total":45,"covered":0,"skipped":0,"pct":0}}
,"/Users/pranay/Documents/RE/OndoREDashboard/src/components/dashboard/portals/manager/ManagerDashboard.new.tsx": {"lines":{"total":25,"covered":0,"skipped":0,"pct":0},"functions":{"total":9,"covered":0,"skipped":0,"pct":0},"statements":{"total":25,"covered":0,"skipped":0,"pct":0},"branches":{"total":22,"covered":0,"skipped":0,"pct":0}}
,"/Users/pranay/Documents/RE/OndoREDashboard/src/components/dashboard/portals/manager/manager.config.tsx": {"lines":{"total":31,"covered":0,"skipped":0,"pct":0},"functions":{"total":21,"covered":0,"skipped":0,"pct":0},"statements":{"total":37,"covered":0,"skipped":0,"pct":0},"branches":{"total":20,"covered":0,"skipped":0,"pct":0}}
,"/Users/pranay/Documents/RE/OndoREDashboard/src/components/dashboard/portals/owner/OwnerDashboard.new.tsx": {"lines":{"total":4,"covered":0,"skipped":0,"pct":0},"functions":{"total":2,"covered":0,"skipped":0,"pct":0},"statements":{"total":4,"covered":0,"skipped":0,"pct":0},"branches":{"total":0,"covered":0,"skipped":0,"pct":100}}
,"/Users/pranay/Documents/RE/OndoREDashboard/src/components/dashboard/portals/owner/owner.config.tsx": {"lines":{"total":28,"covered":0,"skipped":0,"pct":0},"functions":{"total":6,"covered":0,"skipped":0,"pct":0},"statements":{"total":31,"covered":0,"skipped":0,"pct":0},"branches":{"total":27,"covered":0,"skipped":0,"pct":0}}
,"/Users/pranay/Documents/RE/OndoREDashboard/src/components/dashboard/portals/super-admin/SuperAdminDashboard.new.tsx": {"lines":{"total":25,"covered":0,"skipped":0,"pct":0},"functions":{"total":9,"covered":0,"skipped":0,"pct":0},"statements":{"total":25,"covered":0,"skipped":0,"pct":0},"branches":{"total":26,"covered":0,"skipped":0,"pct":0}}
,"/Users/pranay/Documents/RE/OndoREDashboard/src/components/dashboard/portals/super-admin/super-admin.config.tsx": {"lines":{"total":31,"covered":0,"skipped":0,"pct":0},"functions":{"total":22,"covered":0,"skipped":0,"pct":0},"statements":{"total":36,"covered":0,"skipped":0,"pct":0},"branches":{"total":25,"covered":0,"skipped":0,"pct":0}}
,"/Users/pranay/Documents/RE/OndoREDashboard/src/components/dashboard/portals/tenant/TenantDashboard.new.tsx": {"lines":{"total":23,"covered":0,"skipped":0,"pct":0},"functions":{"total":7,"covered":0,"skipped":0,"pct":0},"statements":{"total":24,"covered":0,"skipped":0,"pct":0},"branches":{"total":14,"covered":0,"skipped":0,"pct":0}}
,"/Users/pranay/Documents/RE/OndoREDashboard/src/components/dashboard/portals/tenant/tenant.config.tsx": {"lines":{"total":61,"covered":0,"skipped":0,"pct":0},"functions":{"total":18,"covered":0,"skipped":0,"pct":0},"statements":{"total":71,"covered":0,"skipped":0,"pct":0},"branches":{"total":75,"covered":0,"skipped":0,"pct":0}}
,"/Users/pranay/Documents/RE/OndoREDashboard/src/components/dashboard/widgets/bookkeeping-reporting.tsx": {"lines":{"total":21,"covered":0,"skipped":0,"pct":0},"functions":{"total":7,"covered":0,"skipped":0,"pct":0},"statements":{"total":21,"covered":0,"skipped":0,"pct":0},"branches":{"total":47,"covered":0,"skipped":0,"pct":0}}
,"/Users/pranay/Documents/RE/OndoREDashboard/src/components/forms/address-form.tsx": {"lines":{"total":27,"covered":0,"skipped":0,"pct":0},"functions":{"total":15,"covered":0,"skipped":0,"pct":0},"statements":{"total":28,"covered":0,"skipped":0,"pct":0},"branches":{"total":42,"covered":0,"skipped":0,"pct":0}}
,"/Users/pranay/Documents/RE/OndoREDashboard/src/components/handoff/HandoffCelebration.tsx": {"lines":{"total":2,"covered":0,"skipped":0,"pct":0},"functions":{"total":2,"covered":0,"skipped":0,"pct":0},"statements":{"total":2,"covered":0,"skipped":0,"pct":0},"branches":{"total":0,"covered":0,"skipped":0,"pct":100}}
,"/Users/pranay/Documents/RE/OndoREDashboard/src/components/handoff/HandoffChecklist.tsx": {"lines":{"total":23,"covered":0,"skipped":0,"pct":0},"functions":{"total":14,"covered":0,"skipped":0,"pct":0},"statements":{"total":25,"covered":0,"skipped":0,"pct":0},"branches":{"total":24,"covered":0,"skipped":0,"pct":0}}
,"/Users/pranay/Documents/RE/OndoREDashboard/src/components/handoff/HandoffMoveOutResources.tsx": {"lines":{"total":15,"covered":0,"skipped":0,"pct":0},"functions":{"total":8,"covered":0,"skipped":0,"pct":0},"statements":{"total":17,"covered":0,"skipped":0,"pct":0},"branches":{"total":8,"covered":0,"skipped":0,"pct":0}}
,"/Users/pranay/Documents/RE/OndoREDashboard/src/components/handoff/HandoffNeighborhood.tsx": {"lines":{"total":215,"covered":0,"skipped":0,"pct":0},"functions":{"total":103,"covered":0,"skipped":0,"pct":0},"statements":{"total":222,"covered":0,"skipped":0,"pct":0},"branches":{"total":315,"covered":0,"skipped":0,"pct":0}}
,"/Users/pranay/Documents/RE/OndoREDashboard/src/components/handoff/HandoffOverview.tsx": {"lines":{"total":27,"covered":0,"skipped":0,"pct":0},"functions":{"total":16,"covered":0,"skipped":0,"pct":0},"statements":{"total":27,"covered":0,"skipped":0,"pct":0},"branches":{"total":36,"covered":0,"skipped":0,"pct":0}}
,"/Users/pranay/Documents/RE/OndoREDashboard/src/components/handoff/HandoffPropertyDetails.tsx": {"lines":{"total":375,"covered":0,"skipped":0,"pct":0},"functions":{"total":215,"covered":0,"skipped":0,"pct":0},"statements":{"total":384,"covered":0,"skipped":0,"pct":0},"branches":{"total":1015,"covered":0,"skipped":0,"pct":0}}
,"/Users/pranay/Documents/RE/OndoREDashboard/src/components/handoff/index.ts": {"lines":{"total":0,"covered":0,"skipped":0,"pct":100},"functions":{"total":0,"covered":0,"skipped":0,"pct":100},"statements":{"total":0,"covered":0,"skipped":0,"pct":100},"branches":{"total":0,"covered":0,"skipped":0,"pct":100}}
,"/Users/pranay/Documents/RE/OndoREDashboard/src/components/homeowner/confirm-delete-dialog.tsx": {"lines":{"total":1,"covered":0,"skipped":0,"pct":0},"functions":{"total":1,"covered":0,"skipped":0,"pct":0},"statements":{"total":1,"covered":0,"skipped":0,"pct":0},"branches":{"total":4,"covered":0,"skipped":0,"pct":0}}
,"/Users/pranay/Documents/RE/OndoREDashboard/src/components/homeowner/documents-panel.tsx": {"lines":{"total":54,"covered":0,"skipped":0,"pct":0},"functions":{"total":19,"covered":0,"skipped":0,"pct":0},"statements":{"total":59,"covered":0,"skipped":0,"pct":0},"branches":{"total":34,"covered":0,"skipped":0,"pct":0}}
,"/Users/pranay/Documents/RE/OndoREDashboard/src/components/homeowner/equipment-grid.tsx": {"lines":{"total":89,"covered":0,"skipped":0,"pct":0},"functions":{"total":38,"covered":0,"skipped":0,"pct":0},"statements":{"total":101,"covered":0,"skipped":0,"pct":0},"branches":{"total":76,"covered":0,"skipped":0,"pct":0}}
,"/Users/pranay/Documents/RE/OndoREDashboard/src/components/homeowner/home-improvement-page.tsx": {"lines":{"total":158,"covered":0,"skipped":0,"pct":0},"functions":{"total":66,"covered":0,"skipped":0,"pct":0},"statements":{"total":177,"covered":0,"skipped":0,"pct":0},"branches":{"total":104,"covered":0,"skipped":0,"pct":0}}
,"/Users/pranay/Documents/RE/OndoREDashboard/src/components/homeowner/homeowner-dashboard.tsx": {"lines":{"total":53,"covered":0,"skipped":0,"pct":0},"functions":{"total":23,"covered":0,"skipped":0,"pct":0},"statements":{"total":60,"covered":0,"skipped":0,"pct":0},"branches":{"total":47,"covered":0,"skipped":0,"pct":0}}
,"/Users/pranay/Documents/RE/OndoREDashboard/src/components/homeowner/homeowner-property-shell.tsx": {"lines":{"total":11,"covered":0,"skipped":0,"pct":0},"functions":{"total":3,"covered":0,"skipped":0,"pct":0},"statements":{"total":11,"covered":0,"skipped":0,"pct":0},"branches":{"total":15,"covered":0,"skipped":0,"pct":0}}
,"/Users/pranay/Documents/RE/OndoREDashboard/src/components/homeowner/homeowner-search-results.tsx": {"lines":{"total":54,"covered":0,"skipped":0,"pct":0},"functions":{"total":16,"covered":0,"skipped":0,"pct":0},"statements":{"total":56,"covered":0,"skipped":0,"pct":0},"branches":{"total":39,"covered":0,"skipped":0,"pct":0}}
,"/Users/pranay/Documents/RE/OndoREDashboard/src/components/homeowner/homeowner-settings-page.tsx": {"lines":{"total":9,"covered":0,"skipped":0,"pct":0},"functions":{"total":5,"covered":0,"skipped":0,"pct":0},"statements":{"total":10,"covered":0,"skipped":0,"pct":0},"branches":{"total":6,"covered":0,"skipped":0,"pct":0}}
,"/Users/pranay/Documents/RE/OndoREDashboard/src/components/homeowner/mortgage-loans-page.tsx": {"lines":{"total":180,"covered":0,"skipped":0,"pct":0},"functions":{"total":102,"covered":0,"skipped":0,"pct":0},"statements":{"total":214,"covered":0,"skipped":0,"pct":0},"branches":{"total":168,"covered":0,"skipped":0,"pct":0}}
,"/Users/pranay/Documents/RE/OndoREDashboard/src/components/homeowner/use-resolved-property-id.ts": {"lines":{"total":36,"covered":0,"skipped":0,"pct":0},"functions":{"total":5,"covered":0,"skipped":0,"pct":0},"statements":{"total":38,"covered":0,"skipped":0,"pct":0},"branches":{"total":24,"covered":0,"skipped":0,"pct":0}}
,"/Users/pranay/Documents/RE/OndoREDashboard/src/components/leads/lead-detail-drawer.tsx": {"lines":{"total":43,"covered":0,"skipped":0,"pct":0},"functions":{"total":13,"covered":0,"skipped":0,"pct":0},"statements":{"total":52,"covered":0,"skipped":0,"pct":0},"branches":{"total":54,"covered":0,"skipped":0,"pct":0}}
,"/Users/pranay/Documents/RE/OndoREDashboard/src/components/leads/site-visit-proposer.tsx": {"lines":{"total":26,"covered":0,"skipped":0,"pct":0},"functions":{"total":15,"covered":0,"skipped":0,"pct":0},"statements":{"total":38,"covered":0,"skipped":0,"pct":0},"branches":{"total":20,"covered":0,"skipped":0,"pct":0}}
,"/Users/pranay/Documents/RE/OndoREDashboard/src/components/maintenance/assign-technician-dialog.tsx": {"lines":{"total":57,"covered":0,"skipped":0,"pct":0},"functions":{"total":12,"covered":0,"skipped":0,"pct":0},"statements":{"total":59,"covered":0,"skipped":0,"pct":0},"branches":{"total":41,"covered":0,"skipped":0,"pct":0}}
,"/Users/pranay/Documents/RE/OndoREDashboard/src/components/maintenance/index.ts": {"lines":{"total":0,"covered":0,"skipped":0,"pct":100},"functions":{"total":0,"covered":0,"skipped":0,"pct":100},"statements":{"total":0,"covered":0,"skipped":0,"pct":100},"branches":{"total":0,"covered":0,"skipped":0,"pct":100}}
,"/Users/pranay/Documents/RE/OndoREDashboard/src/components/maintenance/maintenance-calendar.tsx": {"lines":{"total":13,"covered":0,"skipped":0,"pct":0},"functions":{"total":5,"covered":0,"skipped":0,"pct":0},"statements":{"total":13,"covered":0,"skipped":0,"pct":0},"branches":{"total":13,"covered":0,"skipped":0,"pct":0}}
,"/Users/pranay/Documents/RE/OndoREDashboard/src/components/maintenance/maintenance-dashboard.tsx": {"lines":{"total":21,"covered":0,"skipped":0,"pct":0},"functions":{"total":7,"covered":0,"skipped":0,"pct":0},"statements":{"total":21,"covered":0,"skipped":0,"pct":0},"branches":{"total":14,"covered":0,"skipped":0,"pct":0}}
,"/Users/pranay/Documents/RE/OndoREDashboard/src/components/maintenance/maintenance-documents.tsx": {"lines":{"total":1,"covered":0,"skipped":0,"pct":0},"functions":{"total":1,"covered":0,"skipped":0,"pct":0},"statements":{"total":1,"covered":0,"skipped":0,"pct":0},"branches":{"total":0,"covered":0,"skipped":0,"pct":100}}
,"/Users/pranay/Documents/RE/OndoREDashboard/src/components/maintenance/maintenance-finances.tsx": {"lines":{"total":1,"covered":0,"skipped":0,"pct":0},"functions":{"total":1,"covered":0,"skipped":0,"pct":0},"statements":{"total":1,"covered":0,"skipped":0,"pct":0},"branches":{"total":0,"covered":0,"skipped":0,"pct":100}}
,"/Users/pranay/Documents/RE/OndoREDashboard/src/components/maintenance/maintenance-nav.tsx": {"lines":{"total":6,"covered":0,"skipped":0,"pct":0},"functions":{"total":4,"covered":0,"skipped":0,"pct":0},"statements":{"total":6,"covered":0,"skipped":0,"pct":0},"branches":{"total":4,"covered":0,"skipped":0,"pct":0}}
,"/Users/pranay/Documents/RE/OndoREDashboard/src/components/maintenance/maintenance-notifications.tsx": {"lines":{"total":1,"covered":0,"skipped":0,"pct":0},"functions":{"total":1,"covered":0,"skipped":0,"pct":0},"statements":{"total":1,"covered":0,"skipped":0,"pct":0},"branches":{"total":0,"covered":0,"skipped":0,"pct":100}}
,"/Users/pranay/Documents/RE/OndoREDashboard/src/components/maintenance/maintenance-profile.tsx": {"lines":{"total":60,"covered":0,"skipped":0,"pct":0},"functions":{"total":34,"covered":0,"skipped":0,"pct":0},"statements":{"total":65,"covered":0,"skipped":0,"pct":0},"branches":{"total":32,"covered":0,"skipped":0,"pct":0}}
,"/Users/pranay/Documents/RE/OndoREDashboard/src/components/maintenance/maintenance-settings.tsx": {"lines":{"total":16,"covered":0,"skipped":0,"pct":0},"functions":{"total":11,"covered":0,"skipped":0,"pct":0},"statements":{"total":18,"covered":0,"skipped":0,"pct":0},"branches":{"total":2,"covered":0,"skipped":0,"pct":0}}
,"/Users/pranay/Documents/RE/OndoREDashboard/src/components/maintenance/maintenance-tickets.tsx": {"lines":{"total":40,"covered":0,"skipped":0,"pct":0},"functions":{"total":9,"covered":0,"skipped":0,"pct":0},"statements":{"total":40,"covered":0,"skipped":0,"pct":0},"branches":{"total":43,"covered":0,"skipped":0,"pct":0}}
,"/Users/pranay/Documents/RE/OndoREDashboard/src/components/maintenance/new-maintenance-request-dialog.tsx": {"lines":{"total":63,"covered":0,"skipped":0,"pct":0},"functions":{"total":45,"covered":0,"skipped":0,"pct":0},"statements":{"total":77,"covered":0,"skipped":0,"pct":0},"branches":{"total":71,"covered":0,"skipped":0,"pct":0}}
,"/Users/pranay/Documents/RE/OndoREDashboard/src/components/maintenance/schedule-service-dialog.tsx": {"lines":{"total":81,"covered":0,"skipped":0,"pct":0},"functions":{"total":15,"covered":0,"skipped":0,"pct":0},"statements":{"total":83,"covered":0,"skipped":0,"pct":0},"branches":{"total":58,"covered":0,"skipped":0,"pct":0}}
,"/Users/pranay/Documents/RE/OndoREDashboard/src/components/maintenance/update-status-dialog.tsx": {"lines":{"total":30,"covered":0,"skipped":0,"pct":0},"functions":{"total":7,"covered":0,"skipped":0,"pct":0},"statements":{"total":30,"covered":0,"skipped":0,"pct":0},"branches":{"total":24,"covered":0,"skipped":0,"pct":0}}
,"/Users/pranay/Documents/RE/OndoREDashboard/src/components/manager/auto-reply-settings.tsx": {"lines":{"total":50,"covered":0,"skipped":0,"pct":0},"functions":{"total":14,"covered":0,"skipped":0,"pct":0},"statements":{"total":55,"covered":0,"skipped":0,"pct":0},"branches":{"total":34,"covered":0,"skipped":0,"pct":0}}
,"/Users/pranay/Documents/RE/OndoREDashboard/src/components/manager/bulk-actions-toolbar.tsx": {"lines":{"total":5,"covered":0,"skipped":0,"pct":0},"functions":{"total":4,"covered":0,"skipped":0,"pct":0},"statements":{"total":7,"covered":0,"skipped":0,"pct":0},"branches":{"total":8,"covered":0,"skipped":0,"pct":0}}
,"/Users/pranay/Documents/RE/OndoREDashboard/src/components/manager/command-palette.tsx": {"lines":{"total":33,"covered":0,"skipped":0,"pct":0},"functions":{"total":20,"covered":0,"skipped":0,"pct":0},"statements":{"total":36,"covered":0,"skipped":0,"pct":0},"branches":{"total":14,"covered":0,"skipped":0,"pct":0}}
,"/Users/pranay/Documents/RE/OndoREDashboard/src/components/manager/kpi-charts.tsx": {"lines":{"total":42,"covered":0,"skipped":0,"pct":0},"functions":{"total":15,"covered":0,"skipped":0,"pct":0},"statements":{"total":47,"covered":0,"skipped":0,"pct":0},"branches":{"total":38,"covered":0,"skipped":0,"pct":0}}
,"/Users/pranay/Documents/RE/OndoREDashboard/src/components/manager/manager-assistant.tsx": {"lines":{"total":58,"covered":0,"skipped":0,"pct":0},"functions":{"total":17,"covered":0,"skipped":0,"pct":0},"statements":{"total":65,"covered":0,"skipped":0,"pct":0},"branches":{"total":47,"covered":0,"skipped":0,"pct":0}}
,"/Users/pranay/Documents/RE/OndoREDashboard/src/components/manager/manager-at-risk.tsx": {"lines":{"total":96,"covered":0,"skipped":0,"pct":0},"functions":{"total":36,"covered":0,"skipped":0,"pct":0},"statements":{"total":108,"covered":0,"skipped":0,"pct":0},"branches":{"total":144,"covered":0,"skipped":0,"pct":0}}
,"/Users/pranay/Documents/RE/OndoREDashboard/src/components/manager/manager-audit-log.tsx": {"lines":{"total":35,"covered":0,"skipped":0,"pct":0},"functions":{"total":11,"covered":0,"skipped":0,"pct":0},"statements":{"total":38,"covered":0,"skipped":0,"pct":0},"branches":{"total":40,"covered":0,"skipped":0,"pct":0}}
,"/Users/pranay/Documents/RE/OndoREDashboard/src/components/manager/manager-calendar.tsx": {"lines":{"total":21,"covered":0,"skipped":0,"pct":0},"functions":{"total":8,"covered":0,"skipped":0,"pct":0},"statements":{"total":23,"covered":0,"skipped":0,"pct":0},"branches":{"total":22,"covered":0,"skipped":0,"pct":0}}
,"/Users/pranay/Documents/RE/OndoREDashboard/src/components/manager/manager-dashboard.tsx": {"lines":{"total":180,"covered":0,"skipped":0,"pct":0},"functions":{"total":68,"covered":0,"skipped":0,"pct":0},"statements":{"total":187,"covered":0,"skipped":0,"pct":0},"branches":{"total":103,"covered":0,"skipped":0,"pct":0}}
,"/Users/pranay/Documents/RE/OndoREDashboard/src/components/manager/manager-documents.tsx": {"lines":{"total":1,"covered":0,"skipped":0,"pct":0},"functions":{"total":1,"covered":0,"skipped":0,"pct":0},"statements":{"total":1,"covered":0,"skipped":0,"pct":0},"branches":{"total":0,"covered":0,"skipped":0,"pct":100}}
,"/Users/pranay/Documents/RE/OndoREDashboard/src/components/manager/manager-finances.tsx": {"lines":{"total":1,"covered":0,"skipped":0,"pct":0},"functions":{"total":1,"covered":0,"skipped":0,"pct":0},"statements":{"total":1,"covered":0,"skipped":0,"pct":0},"branches":{"total":0,"covered":0,"skipped":0,"pct":100}}
,"/Users/pranay/Documents/RE/OndoREDashboard/src/components/manager/manager-inbox-enhanced.tsx": {"lines":{"total":54,"covered":0,"skipped":0,"pct":0},"functions":{"total":10,"covered":0,"skipped":0,"pct":0},"statements":{"total":57,"covered":0,"skipped":0,"pct":0},"branches":{"total":44,"covered":0,"skipped":0,"pct":0}}
,"/Users/pranay/Documents/RE/OndoREDashboard/src/components/manager/manager-leads.tsx": {"lines":{"total":63,"covered":0,"skipped":0,"pct":0},"functions":{"total":18,"covered":0,"skipped":0,"pct":0},"statements":{"total":65,"covered":0,"skipped":0,"pct":0},"branches":{"total":49,"covered":0,"skipped":0,"pct":0}}
,"/Users/pranay/Documents/RE/OndoREDashboard/src/components/manager/manager-leases.tsx": {"lines":{"total":58,"covered":0,"skipped":0,"pct":0},"functions":{"total":23,"covered":0,"skipped":0,"pct":0},"statements":{"total":68,"covered":0,"skipped":0,"pct":0},"branches":{"total":68,"covered":0,"skipped":0,"pct":0}}
,"/Users/pranay/Documents/RE/OndoREDashboard/src/components/manager/manager-maintenance.tsx": {"lines":{"total":180,"covered":0,"skipped":0,"pct":0},"functions":{"total":61,"covered":0,"skipped":0,"pct":0},"statements":{"total":198,"covered":0,"skipped":0,"pct":0},"branches":{"total":155,"covered":0,"skipped":0,"pct":0}}
,"/Users/pranay/Documents/RE/OndoREDashboard/src/components/manager/manager-messages.tsx": {"lines":{"total":136,"covered":0,"skipped":0,"pct":0},"functions":{"total":57,"covered":0,"skipped":0,"pct":0},"statements":{"total":160,"covered":0,"skipped":0,"pct":0},"branches":{"total":81,"covered":0,"skipped":0,"pct":0}}
,"/Users/pranay/Documents/RE/OndoREDashboard/src/components/manager/manager-nav.tsx": {"lines":{"total":6,"covered":0,"skipped":0,"pct":0},"functions":{"total":4,"covered":0,"skipped":0,"pct":0},"statements":{"total":6,"covered":0,"skipped":0,"pct":0},"branches":{"total":4,"covered":0,"skipped":0,"pct":0}}
,"/Users/pranay/Documents/RE/OndoREDashboard/src/components/manager/manager-notifications.tsx": {"lines":{"total":1,"covered":0,"skipped":0,"pct":0},"functions":{"total":1,"covered":0,"skipped":0,"pct":0},"statements":{"total":1,"covered":0,"skipped":0,"pct":0},"branches":{"total":0,"covered":0,"skipped":0,"pct":100}}
,"/Users/pranay/Documents/RE/OndoREDashboard/src/components/manager/manager-onboarding-checklist.tsx": {"lines":{"total":39,"covered":0,"skipped":0,"pct":0},"functions":{"total":13,"covered":0,"skipped":0,"pct":0},"statements":{"total":41,"covered":0,"skipped":0,"pct":0},"branches":{"total":18,"covered":0,"skipped":0,"pct":0}}
,"/Users/pranay/Documents/RE/OndoREDashboard/src/components/manager/manager-owners.tsx": {"lines":{"total":55,"covered":0,"skipped":0,"pct":0},"functions":{"total":23,"covered":0,"skipped":0,"pct":0},"statements":{"total":57,"covered":0,"skipped":0,"pct":0},"branches":{"total":31,"covered":0,"skipped":0,"pct":0}}
,"/Users/pranay/Documents/RE/OndoREDashboard/src/components/manager/manager-profile.tsx": {"lines":{"total":116,"covered":0,"skipped":0,"pct":0},"functions":{"total":48,"covered":0,"skipped":0,"pct":0},"statements":{"total":126,"covered":0,"skipped":0,"pct":0},"branches":{"total":105,"covered":0,"skipped":0,"pct":0}}
,"/Users/pranay/Documents/RE/OndoREDashboard/src/components/manager/manager-properties.tsx": {"lines":{"total":76,"covered":0,"skipped":0,"pct":0},"functions":{"total":24,"covered":0,"skipped":0,"pct":0},"statements":{"total":86,"covered":0,"skipped":0,"pct":0},"branches":{"total":76,"covered":0,"skipped":0,"pct":0}}
,"/Users/pranay/Documents/RE/OndoREDashboard/src/components/manager/manager-property-review.tsx": {"lines":{"total":79,"covered":0,"skipped":0,"pct":0},"functions":{"total":22,"covered":0,"skipped":0,"pct":0},"statements":{"total":81,"covered":0,"skipped":0,"pct":0},"branches":{"total":60,"covered":0,"skipped":0,"pct":0}}
,"/Users/pranay/Documents/RE/OndoREDashboard/src/components/manager/manager-reports.tsx": {"lines":{"total":91,"covered":0,"skipped":0,"pct":0},"functions":{"total":51,"covered":0,"skipped":0,"pct":0},"statements":{"total":97,"covered":0,"skipped":0,"pct":0},"branches":{"total":51,"covered":0,"skipped":0,"pct":0}}
,"/Users/pranay/Documents/RE/OndoREDashboard/src/components/manager/manager-settings.tsx": {"lines":{"total":18,"covered":0,"skipped":0,"pct":0},"functions":{"total":13,"covered":0,"skipped":0,"pct":0},"statements":{"total":20,"covered":0,"skipped":0,"pct":0},"branches":{"total":2,"covered":0,"skipped":0,"pct":0}}
,"/Users/pranay/Documents/RE/OndoREDashboard/src/components/manager/manager-tasks.tsx": {"lines":{"total":61,"covered":0,"skipped":0,"pct":0},"functions":{"total":27,"covered":0,"skipped":0,"pct":0},"statements":{"total":70,"covered":0,"skipped":0,"pct":0},"branches":{"total":51,"covered":0,"skipped":0,"pct":0}}
,"/Users/pranay/Documents/RE/OndoREDashboard/src/components/manager/manager-tenants.tsx": {"lines":{"total":114,"covered":0,"skipped":0,"pct":0},"functions":{"total":41,"covered":0,"skipped":0,"pct":0},"statements":{"total":124,"covered":0,"skipped":0,"pct":0},"branches":{"total":82,"covered":0,"skipped":0,"pct":0}}
,"/Users/pranay/Documents/RE/OndoREDashboard/src/components/manager/risk-analytics.tsx": {"lines":{"total":62,"covered":0,"skipped":0,"pct":0},"functions":{"total":27,"covered":0,"skipped":0,"pct":0},"statements":{"total":73,"covered":0,"skipped":0,"pct":0},"branches":{"total":37,"covered":0,"skipped":0,"pct":0}}
,"/Users/pranay/Documents/RE/OndoREDashboard/src/components/manager/sparkline-chart.tsx": {"lines":{"total":2,"covered":0,"skipped":0,"pct":0},"functions":{"total":2,"covered":0,"skipped":0,"pct":0},"statements":{"total":2,"covered":0,"skipped":0,"pct":0},"branches":{"total":1,"covered":0,"skipped":0,"pct":0}}
,"/Users/pranay/Documents/RE/OndoREDashboard/src/components/owner/add-document-dialog.tsx": {"lines":{"total":20,"covered":0,"skipped":0,"pct":0},"functions":{"total":12,"covered":0,"skipped":0,"pct":0},"statements":{"total":24,"covered":0,"skipped":0,"pct":0},"branches":{"total":4,"covered":0,"skipped":0,"pct":0}}
,"/Users/pranay/Documents/RE/OndoREDashboard/src/components/owner/add-property-form.tsx": {"lines":{"total":145,"covered":0,"skipped":0,"pct":0},"functions":{"total":44,"covered":0,"skipped":0,"pct":0},"statements":{"total":158,"covered":0,"skipped":0,"pct":0},"branches":{"total":120,"covered":0,"skipped":0,"pct":0}}
,"/Users/pranay/Documents/RE/OndoREDashboard/src/components/owner/add-tenant-dialog.tsx": {"lines":{"total":0,"covered":0,"skipped":0,"pct":100},"functions":{"total":0,"covered":0,"skipped":0,"pct":100},"statements":{"total":0,"covered":0,"skipped":0,"pct":100},"branches":{"total":0,"covered":0,"skipped":0,"pct":100}}
,"/Users/pranay/Documents/RE/OndoREDashboard/src/components/owner/add-transaction-dialog.tsx": {"lines":{"total":14,"covered":0,"skipped":0,"pct":0},"functions":{"total":9,"covered":0,"skipped":0,"pct":0},"statements":{"total":14,"covered":0,"skipped":0,"pct":0},"branches":{"total":6,"covered":0,"skipped":0,"pct":0}}
,"/Users/pranay/Documents/RE/OndoREDashboard/src/components/owner/add-unit-dialog.tsx": {"lines":{"total":12,"covered":0,"skipped":0,"pct":0},"functions":{"total":4,"covered":0,"skipped":0,"pct":0},"statements":{"total":12,"covered":0,"skipped":0,"pct":0},"branches":{"total":2,"covered":0,"skipped":0,"pct":0}}
,"/Users/pranay/Documents/RE/OndoREDashboard/src/components/owner/announcement-board.tsx": {"lines":{"total":42,"covered":0,"skipped":0,"pct":0},"functions":{"total":11,"covered":0,"skipped":0,"pct":0},"statements":{"total":45,"covered":0,"skipped":0,"pct":0},"branches":{"total":17,"covered":0,"skipped":0,"pct":0}}
,"/Users/pranay/Documents/RE/OndoREDashboard/src/components/owner/application-analytics.tsx": {"lines":{"total":19,"covered":0,"skipped":0,"pct":0},"functions":{"total":9,"covered":0,"skipped":0,"pct":0},"statements":{"total":19,"covered":0,"skipped":0,"pct":0},"branches":{"total":14,"covered":0,"skipped":0,"pct":0}}
,"/Users/pranay/Documents/RE/OndoREDashboard/src/components/owner/application-comments.tsx": {"lines":{"total":34,"covered":0,"skipped":0,"pct":0},"functions":{"total":8,"covered":0,"skipped":0,"pct":0},"statements":{"total":35,"covered":0,"skipped":0,"pct":0},"branches":{"total":10,"covered":0,"skipped":0,"pct":0}}
,"/Users/pranay/Documents/RE/OndoREDashboard/src/components/owner/application-comparison-view.tsx": {"lines":{"total":28,"covered":0,"skipped":0,"pct":0},"functions":{"total":14,"covered":0,"skipped":0,"pct":0},"statements":{"total":32,"covered":0,"skipped":0,"pct":0},"branches":{"total":20,"covered":0,"skipped":0,"pct":0}}
,"/Users/pranay/Documents/RE/OndoREDashboard/src/components/owner/application-detail-view.tsx": {"lines":{"total":83,"covered":0,"skipped":0,"pct":0},"functions":{"total":15,"covered":0,"skipped":0,"pct":0},"statements":{"total":84,"covered":0,"skipped":0,"pct":0},"branches":{"total":86,"covered":0,"skipped":0,"pct":0}}
,"/Users/pranay/Documents/RE/OndoREDashboard/src/components/owner/applications-dashboard.tsx": {"lines":{"total":47,"covered":0,"skipped":0,"pct":0},"functions":{"total":17,"covered":0,"skipped":0,"pct":0},"statements":{"total":52,"covered":0,"skipped":0,"pct":0},"branches":{"total":32,"covered":0,"skipped":0,"pct":0}}
,"/Users/pranay/Documents/RE/OndoREDashboard/src/components/owner/audit-log-viewer.tsx": {"lines":{"total":22,"covered":0,"skipped":0,"pct":0},"functions":{"total":8,"covered":0,"skipped":0,"pct":0},"statements":{"total":25,"covered":0,"skipped":0,"pct":0},"branches":{"total":10,"covered":0,"skipped":0,"pct":0}}
,"/Users/pranay/Documents/RE/OndoREDashboard/src/components/owner/bulk-invite-dialog.tsx": {"lines":{"total":35,"covered":0,"skipped":0,"pct":0},"functions":{"total":10,"covered":0,"skipped":0,"pct":0},"statements":{"total":38,"covered":0,"skipped":0,"pct":0},"branches":{"total":26,"covered":0,"skipped":0,"pct":0}}
,"/Users/pranay/Documents/RE/OndoREDashboard/src/components/owner/bulk-operations.tsx": {"lines":{"total":47,"covered":0,"skipped":0,"pct":0},"functions":{"total":37,"covered":0,"skipped":0,"pct":0},"statements":{"total":61,"covered":0,"skipped":0,"pct":0},"branches":{"total":28,"covered":0,"skipped":0,"pct":0}}
,"/Users/pranay/Documents/RE/OndoREDashboard/src/components/owner/cash-flow-dashboard.tsx": {"lines":{"total":29,"covered":0,"skipped":0,"pct":0},"functions":{"total":10,"covered":0,"skipped":0,"pct":0},"statements":{"total":34,"covered":0,"skipped":0,"pct":0},"branches":{"total":50,"covered":0,"skipped":0,"pct":0}}
,"/Users/pranay/Documents/RE/OndoREDashboard/src/components/owner/co-owner-management.tsx": {"lines":{"total":47,"covered":0,"skipped":0,"pct":0},"functions":{"total":11,"covered":0,"skipped":0,"pct":0},"statements":{"total":48,"covered":0,"skipped":0,"pct":0},"branches":{"total":29,"covered":0,"skipped":0,"pct":0}}
,"/Users/pranay/Documents/RE/OndoREDashboard/src/components/owner/community-events.tsx": {"lines":{"total":48,"covered":0,"skipped":0,"pct":0},"functions":{"total":26,"covered":0,"skipped":0,"pct":0},"statements":{"total":58,"covered":0,"skipped":0,"pct":0},"branches":{"total":32,"covered":0,"skipped":0,"pct":0}}
,"/Users/pranay/Documents/RE/OndoREDashboard/src/components/owner/compliance-dashboard.tsx": {"lines":{"total":46,"covered":0,"skipped":0,"pct":0},"functions":{"total":22,"covered":0,"skipped":0,"pct":0},"statements":{"total":62,"covered":0,"skipped":0,"pct":0},"branches":{"total":32,"covered":0,"skipped":0,"pct":0}}
,"/Users/pranay/Documents/RE/OndoREDashboard/src/components/owner/create-folder-dialog.tsx": {"lines":{"total":12,"covered":0,"skipped":0,"pct":0},"functions":{"total":5,"covered":0,"skipped":0,"pct":0},"statements":{"total":13,"covered":0,"skipped":0,"pct":0},"branches":{"total":0,"covered":0,"skipped":0,"pct":100}}
,"/Users/pranay/Documents/RE/OndoREDashboard/src/components/owner/documents-view.tsx": {"lines":{"total":70,"covered":0,"skipped":0,"pct":0},"functions":{"total":24,"covered":0,"skipped":0,"pct":0},"statements":{"total":78,"covered":0,"skipped":0,"pct":0},"branches":{"total":98,"covered":0,"skipped":0,"pct":0}}
,"/Users/pranay/Documents/RE/OndoREDashboard/src/components/owner/equipment-tracker.tsx": {"lines":{"total":43,"covered":0,"skipped":0,"pct":0},"functions":{"total":24,"covered":0,"skipped":0,"pct":0},"statements":{"total":53,"covered":0,"skipped":0,"pct":0},"branches":{"total":31,"covered":0,"skipped":0,"pct":0}}
,"/Users/pranay/Documents/RE/OndoREDashboard/src/components/owner/esg-dashboard.tsx": {"lines":{"total":35,"covered":0,"skipped":0,"pct":0},"functions":{"total":15,"covered":0,"skipped":0,"pct":0},"statements":{"total":41,"covered":0,"skipped":0,"pct":0},"branches":{"total":19,"covered":0,"skipped":0,"pct":0}}
,"/Users/pranay/Documents/RE/OndoREDashboard/src/components/owner/expense-tracker.tsx": {"lines":{"total":55,"covered":0,"skipped":0,"pct":0},"functions":{"total":16,"covered":0,"skipped":0,"pct":0},"statements":{"total":59,"covered":0,"skipped":0,"pct":0},"branches":{"total":23,"covered":0,"skipped":0,"pct":0}}
,"/Users/pranay/Documents/RE/OndoREDashboard/src/components/owner/finances-view.tsx": {"lines":{"total":88,"covered":0,"skipped":0,"pct":0},"functions":{"total":27,"covered":0,"skipped":0,"pct":0},"statements":{"total":96,"covered":0,"skipped":0,"pct":0},"branches":{"total":121,"covered":0,"skipped":0,"pct":0}}
,"/Users/pranay/Documents/RE/OndoREDashboard/src/components/owner/income-expense-chart.tsx": {"lines":{"total":3,"covered":0,"skipped":0,"pct":0},"functions":{"total":3,"covered":0,"skipped":0,"pct":0},"statements":{"total":4,"covered":0,"skipped":0,"pct":0},"branches":{"total":0,"covered":0,"skipped":0,"pct":100}}
,"/Users/pranay/Documents/RE/OndoREDashboard/src/components/owner/inspection-manager.tsx": {"lines":{"total":58,"covered":0,"skipped":0,"pct":0},"functions":{"total":16,"covered":0,"skipped":0,"pct":0},"statements":{"total":61,"covered":0,"skipped":0,"pct":0},"branches":{"total":34,"covered":0,"skipped":0,"pct":0}}
,"/Users/pranay/Documents/RE/OndoREDashboard/src/components/owner/inventory-manager.tsx": {"lines":{"total":67,"covered":0,"skipped":0,"pct":0},"functions":{"total":31,"covered":0,"skipped":0,"pct":0},"statements":{"total":83,"covered":0,"skipped":0,"pct":0},"branches":{"total":35,"covered":0,"skipped":0,"pct":0}}
,"/Users/pranay/Documents/RE/OndoREDashboard/src/components/owner/investor-portal.tsx": {"lines":{"total":96,"covered":0,"skipped":0,"pct":0},"functions":{"total":53,"covered":0,"skipped":0,"pct":0},"statements":{"total":129,"covered":0,"skipped":0,"pct":0},"branches":{"total":54,"covered":0,"skipped":0,"pct":0}}
,"/Users/pranay/Documents/RE/OndoREDashboard/src/components/owner/invite-tenant-dialog.tsx": {"lines":{"total":56,"covered":0,"skipped":0,"pct":0},"functions":{"total":17,"covered":0,"skipped":0,"pct":0},"statements":{"total":60,"covered":0,"skipped":0,"pct":0},"branches":{"total":28,"covered":0,"skipped":0,"pct":0}}
,"/Users/pranay/Documents/RE/OndoREDashboard/src/components/owner/late-fee-config.tsx": {"lines":{"total":42,"covered":0,"skipped":0,"pct":0},"functions":{"total":10,"covered":0,"skipped":0,"pct":0},"statements":{"total":48,"covered":0,"skipped":0,"pct":0},"branches":{"total":45,"covered":0,"skipped":0,"pct":0}}
,"/Users/pranay/Documents/RE/OndoREDashboard/src/components/owner/lease-management.tsx": {"lines":{"total":59,"covered":0,"skipped":0,"pct":0},"functions":{"total":20,"covered":0,"skipped":0,"pct":0},"statements":{"total":59,"covered":0,"skipped":0,"pct":0},"branches":{"total":42,"covered":0,"skipped":0,"pct":0}}
,"/Users/pranay/Documents/RE/OndoREDashboard/src/components/owner/lease-renewal-manager.tsx": {"lines":{"total":52,"covered":0,"skipped":0,"pct":0},"functions":{"total":20,"covered":0,"skipped":0,"pct":0},"statements":{"total":61,"covered":0,"skipped":0,"pct":0},"branches":{"total":33,"covered":0,"skipped":0,"pct":0}}
,"/Users/pranay/Documents/RE/OndoREDashboard/src/components/owner/maintenance-detail.tsx": {"lines":{"total":43,"covered":0,"skipped":0,"pct":0},"functions":{"total":13,"covered":0,"skipped":0,"pct":0},"statements":{"total":45,"covered":0,"skipped":0,"pct":0},"branches":{"total":28,"covered":0,"skipped":0,"pct":0}}
,"/Users/pranay/Documents/RE/OndoREDashboard/src/components/owner/maintenance-management.tsx": {"lines":{"total":339,"covered":0,"skipped":0,"pct":0},"functions":{"total":140,"covered":0,"skipped":0,"pct":0},"statements":{"total":372,"covered":0,"skipped":0,"pct":0},"branches":{"total":245,"covered":0,"skipped":0,"pct":0}}
,"/Users/pranay/Documents/RE/OndoREDashboard/src/components/owner/messages-view.tsx": {"lines":{"total":105,"covered":0,"skipped":0,"pct":0},"functions":{"total":38,"covered":0,"skipped":0,"pct":0},"statements":{"total":120,"covered":0,"skipped":0,"pct":0},"branches":{"total":93,"covered":0,"skipped":0,"pct":0}}
,"/Users/pranay/Documents/RE/OndoREDashboard/src/components/owner/modern-property-card.tsx": {"lines":{"total":12,"covered":0,"skipped":0,"pct":0},"functions":{"total":5,"covered":0,"skipped":0,"pct":0},"statements":{"total":12,"covered":0,"skipped":0,"pct":0},"branches":{"total":6,"covered":0,"skipped":0,"pct":0}}
,"/Users/pranay/Documents/RE/OndoREDashboard/src/components/owner/monthly-summary-report.tsx": {"lines":{"total":9,"covered":0,"skipped":0,"pct":0},"functions":{"total":5,"covered":0,"skipped":0,"pct":0},"statements":{"total":9,"covered":0,"skipped":0,"pct":0},"branches":{"total":12,"covered":0,"skipped":0,"pct":0}}
,"/Users/pranay/Documents/RE/OndoREDashboard/src/components/owner/new-message-dialog.tsx": {"lines":{"total":24,"covered":0,"skipped":0,"pct":0},"functions":{"total":10,"covered":0,"skipped":0,"pct":0},"statements":{"total":27,"covered":0,"skipped":0,"pct":0},"branches":{"total":2,"covered":0,"skipped":0,"pct":0}}
,"/Users/pranay/Documents/RE/OndoREDashboard/src/components/owner/occupancy-report.tsx": {"lines":{"total":6,"covered":0,"skipped":0,"pct":0},"functions":{"total":5,"covered":0,"skipped":0,"pct":0},"statements":{"total":6,"covered":0,"skipped":0,"pct":0},"branches":{"total":6,"covered":0,"skipped":0,"pct":0}}
,"/Users/pranay/Documents/RE/OndoREDashboard/src/components/owner/owner-calendar.tsx": {"lines":{"total":20,"covered":0,"skipped":0,"pct":0},"functions":{"total":8,"covered":0,"skipped":0,"pct":0},"statements":{"total":22,"covered":0,"skipped":0,"pct":0},"branches":{"total":21,"covered":0,"skipped":0,"pct":0}}
,"/Users/pranay/Documents/RE/OndoREDashboard/src/components/owner/owner-dashboard.tsx": {"lines":{"total":79,"covered":0,"skipped":0,"pct":0},"functions":{"total":16,"covered":0,"skipped":0,"pct":0},"statements":{"total":80,"covered":0,"skipped":0,"pct":0},"branches":{"total":74,"covered":0,"skipped":0,"pct":0}}
,"/Users/pranay/Documents/RE/OndoREDashboard/src/components/owner/owner-documents.tsx": {"lines":{"total":1,"covered":0,"skipped":0,"pct":0},"functions":{"total":1,"covered":0,"skipped":0,"pct":0},"statements":{"total":1,"covered":0,"skipped":0,"pct":0},"branches":{"total":0,"covered":0,"skipped":0,"pct":100}}
,"/Users/pranay/Documents/RE/OndoREDashboard/src/components/owner/owner-finances.tsx": {"lines":{"total":61,"covered":0,"skipped":0,"pct":0},"functions":{"total":14,"covered":0,"skipped":0,"pct":0},"statements":{"total":66,"covered":0,"skipped":0,"pct":0},"branches":{"total":60,"covered":0,"skipped":0,"pct":0}}
,"/Users/pranay/Documents/RE/OndoREDashboard/src/components/owner/owner-messages.tsx": {"lines":{"total":44,"covered":0,"skipped":0,"pct":0},"functions":{"total":28,"covered":0,"skipped":0,"pct":0},"statements":{"total":48,"covered":0,"skipped":0,"pct":0},"branches":{"total":23,"covered":0,"skipped":0,"pct":0}}
,"/Users/pranay/Documents/RE/OndoREDashboard/src/components/owner/owner-notifications.tsx": {"lines":{"total":1,"covered":0,"skipped":0,"pct":0},"functions":{"total":1,"covered":0,"skipped":0,"pct":0},"statements":{"total":1,"covered":0,"skipped":0,"pct":0},"branches":{"total":0,"covered":0,"skipped":0,"pct":100}}
,"/Users/pranay/Documents/RE/OndoREDashboard/src/components/owner/owner-occupancy.tsx": {"lines":{"total":40,"covered":0,"skipped":0,"pct":0},"functions":{"total":9,"covered":0,"skipped":0,"pct":0},"statements":{"total":41,"covered":0,"skipped":0,"pct":0},"branches":{"total":30,"covered":0,"skipped":0,"pct":0}}
,"/Users/pranay/Documents/RE/OndoREDashboard/src/components/owner/owner-profile.tsx": {"lines":{"total":101,"covered":0,"skipped":0,"pct":0},"functions":{"total":49,"covered":0,"skipped":0,"pct":0},"statements":{"total":119,"covered":0,"skipped":0,"pct":0},"branches":{"total":56,"covered":0,"skipped":0,"pct":0}}
,"/Users/pranay/Documents/RE/OndoREDashboard/src/components/owner/owner-properties.tsx": {"lines":{"total":38,"covered":0,"skipped":0,"pct":0},"functions":{"total":11,"covered":0,"skipped":0,"pct":0},"statements":{"total":39,"covered":0,"skipped":0,"pct":0},"branches":{"total":19,"covered":0,"skipped":0,"pct":0}}
,"/Users/pranay/Documents/RE/OndoREDashboard/src/components/owner/owner-property-detail.tsx": {"lines":{"total":37,"covered":0,"skipped":0,"pct":0},"functions":{"total":13,"covered":0,"skipped":0,"pct":0},"statements":{"total":39,"covered":0,"skipped":0,"pct":0},"branches":{"total":128,"covered":0,"skipped":0,"pct":0}}
,"/Users/pranay/Documents/RE/OndoREDashboard/src/components/owner/owner-property-management.tsx": {"lines":{"total":1,"covered":0,"skipped":0,"pct":0},"functions":{"total":1,"covered":0,"skipped":0,"pct":0},"statements":{"total":1,"covered":0,"skipped":0,"pct":0},"branches":{"total":0,"covered":0,"skipped":0,"pct":100}}
,"/Users/pranay/Documents/RE/OndoREDashboard/src/components/owner/owner-reports.tsx": {"lines":{"total":18,"covered":0,"skipped":0,"pct":0},"functions":{"total":8,"covered":0,"skipped":0,"pct":0},"statements":{"total":18,"covered":0,"skipped":0,"pct":0},"branches":{"total":4,"covered":0,"skipped":0,"pct":0}}
,"/Users/pranay/Documents/RE/OndoREDashboard/src/components/owner/owner-settings.tsx": {"lines":{"total":18,"covered":0,"skipped":0,"pct":0},"functions":{"total":11,"covered":0,"skipped":0,"pct":0},"statements":{"total":21,"covered":0,"skipped":0,"pct":0},"branches":{"total":2,"covered":0,"skipped":0,"pct":0}}
,"/Users/pranay/Documents/RE/OndoREDashboard/src/components/owner/owner-statements-view.tsx": {"lines":{"total":58,"covered":0,"skipped":0,"pct":0},"functions":{"total":17,"covered":0,"skipped":0,"pct":0},"statements":{"total":62,"covered":0,"skipped":0,"pct":0},"branches":{"total":35,"covered":0,"skipped":0,"pct":0}}
,"/Users/pranay/Documents/RE/OndoREDashboard/src/components/owner/owner-tenant-detail.tsx": {"lines":{"total":8,"covered":0,"skipped":0,"pct":0},"functions":{"total":1,"covered":0,"skipped":0,"pct":0},"statements":{"total":8,"covered":0,"skipped":0,"pct":0},"branches":{"total":13,"covered":0,"skipped":0,"pct":0}}
,"/Users/pranay/Documents/RE/OndoREDashboard/src/components/owner/owner-tenants.tsx": {"lines":{"total":19,"covered":0,"skipped":0,"pct":0},"functions":{"total":5,"covered":0,"skipped":0,"pct":0},"statements":{"total":19,"covered":0,"skipped":0,"pct":0},"branches":{"total":35,"covered":0,"skipped":0,"pct":0}}
,"/Users/pranay/Documents/RE/OndoREDashboard/src/components/owner/pdf-preview.tsx": {"lines":{"total":39,"covered":0,"skipped":0,"pct":0},"functions":{"total":7,"covered":0,"skipped":0,"pct":0},"statements":{"total":41,"covered":0,"skipped":0,"pct":0},"branches":{"total":18,"covered":0,"skipped":0,"pct":0}}
,"/Users/pranay/Documents/RE/OndoREDashboard/src/components/owner/pet-screening-manager.tsx": {"lines":{"total":37,"covered":0,"skipped":0,"pct":0},"functions":{"total":18,"covered":0,"skipped":0,"pct":0},"statements":{"total":46,"covered":0,"skipped":0,"pct":0},"branches":{"total":24,"covered":0,"skipped":0,"pct":0}}
,"/Users/pranay/Documents/RE/OndoREDashboard/src/components/owner/portfolio-performance.tsx": {"lines":{"total":30,"covered":0,"skipped":0,"pct":0},"functions":{"total":13,"covered":0,"skipped":0,"pct":0},"statements":{"total":36,"covered":0,"skipped":0,"pct":0},"branches":{"total":20,"covered":0,"skipped":0,"pct":0}}
,"/Users/pranay/Documents/RE/OndoREDashboard/src/components/owner/profile-view.tsx": {"lines":{"total":45,"covered":0,"skipped":0,"pct":0},"functions":{"total":26,"covered":0,"skipped":0,"pct":0},"statements":{"total":51,"covered":0,"skipped":0,"pct":0},"branches":{"total":4,"covered":0,"skipped":0,"pct":0}}
,"/Users/pranay/Documents/RE/OndoREDashboard/src/components/owner/properties-view.tsx": {"lines":{"total":27,"covered":0,"skipped":0,"pct":0},"functions":{"total":10,"covered":0,"skipped":0,"pct":0},"statements":{"total":31,"covered":0,"skipped":0,"pct":0},"branches":{"total":35,"covered":0,"skipped":0,"pct":0}}
,"/Users/pranay/Documents/RE/OndoREDashboard/src/components/owner/property-card.tsx": {"lines":{"total":5,"covered":0,"skipped":0,"pct":0},"functions":{"total":4,"covered":0,"skipped":0,"pct":0},"statements":{"total":5,"covered":0,"skipped":0,"pct":0},"branches":{"total":6,"covered":0,"skipped":0,"pct":0}}
,"/Users/pranay/Documents/RE/OndoREDashboard/src/components/owner/property-details.tsx": {"lines":{"total":10,"covered":0,"skipped":0,"pct":0},"functions":{"total":3,"covered":0,"skipped":0,"pct":0},"statements":{"total":10,"covered":0,"skipped":0,"pct":0},"branches":{"total":13,"covered":0,"skipped":0,"pct":0}}
,"/Users/pranay/Documents/RE/OndoREDashboard/src/components/owner/property-documents.tsx": {"lines":{"total":47,"covered":0,"skipped":0,"pct":0},"functions":{"total":18,"covered":0,"skipped":0,"pct":0},"statements":{"total":53,"covered":0,"skipped":0,"pct":0},"branches":{"total":24,"covered":0,"skipped":0,"pct":0}}
,"/Users/pranay/Documents/RE/OndoREDashboard/src/components/owner/property-filters.tsx": {"lines":{"total":1,"covered":0,"skipped":0,"pct":0},"functions":{"total":1,"covered":0,"skipped":0,"pct":0},"statements":{"total":1,"covered":0,"skipped":0,"pct":0},"branches":{"total":0,"covered":0,"skipped":0,"pct":100}}
,"/Users/pranay/Documents/RE/OndoREDashboard/src/components/owner/property-financials.tsx": {"lines":{"total":13,"covered":0,"skipped":0,"pct":0},"functions":{"total":5,"covered":0,"skipped":0,"pct":0},"statements":{"total":14,"covered":0,"skipped":0,"pct":0},"branches":{"total":30,"covered":0,"skipped":0,"pct":0}}
,"/Users/pranay/Documents/RE/OndoREDashboard/src/components/owner/property-list-item.tsx": {"lines":{"total":1,"covered":0,"skipped":0,"pct":0},"functions":{"total":1,"covered":0,"skipped":0,"pct":0},"statements":{"total":1,"covered":0,"skipped":0,"pct":0},"branches":{"total":6,"covered":0,"skipped":0,"pct":0}}
,"/Users/pranay/Documents/RE/OndoREDashboard/src/components/owner/property-maintenance.tsx": {"lines":{"total":29,"covered":0,"skipped":0,"pct":0},"functions":{"total":15,"covered":0,"skipped":0,"pct":0},"statements":{"total":32,"covered":0,"skipped":0,"pct":0},"branches":{"total":16,"covered":0,"skipped":0,"pct":0}}
,"/Users/pranay/Documents/RE/OndoREDashboard/src/components/owner/property-overview.tsx": {"lines":{"total":19,"covered":0,"skipped":0,"pct":0},"functions":{"total":4,"covered":0,"skipped":0,"pct":0},"statements":{"total":19,"covered":0,"skipped":0,"pct":0},"branches":{"total":30,"covered":0,"skipped":0,"pct":0}}
,"/Users/pranay/Documents/RE/OndoREDashboard/src/components/owner/property-performance-chart.tsx": {"lines":{"total":6,"covered":0,"skipped":0,"pct":0},"functions":{"total":4,"covered":0,"skipped":0,"pct":0},"statements":{"total":6,"covered":0,"skipped":0,"pct":0},"branches":{"total":8,"covered":0,"skipped":0,"pct":0}}
,"/Users/pranay/Documents/RE/OndoREDashboard/src/components/owner/property-units.tsx": {"lines":{"total":4,"covered":0,"skipped":0,"pct":0},"functions":{"total":2,"covered":0,"skipped":0,"pct":0},"statements":{"total":4,"covered":0,"skipped":0,"pct":0},"branches":{"total":0,"covered":0,"skipped":0,"pct":100}}
,"/Users/pranay/Documents/RE/OndoREDashboard/src/components/owner/quality-dashboard.tsx": {"lines":{"total":46,"covered":0,"skipped":0,"pct":0},"functions":{"total":12,"covered":0,"skipped":0,"pct":0},"statements":{"total":53,"covered":0,"skipped":0,"pct":0},"branches":{"total":34,"covered":0,"skipped":0,"pct":0}}
,"/Users/pranay/Documents/RE/OndoREDashboard/src/components/owner/rent-increase-manager.tsx": {"lines":{"total":56,"covered":0,"skipped":0,"pct":0},"functions":{"total":18,"covered":0,"skipped":0,"pct":0},"statements":{"total":59,"covered":0,"skipped":0,"pct":0},"branches":{"total":17,"covered":0,"skipped":0,"pct":0}}
,"/Users/pranay/Documents/RE/OndoREDashboard/src/components/owner/rent-pricing-panel.tsx": {"lines":{"total":25,"covered":0,"skipped":0,"pct":0},"functions":{"total":4,"covered":0,"skipped":0,"pct":0},"statements":{"total":26,"covered":0,"skipped":0,"pct":0},"branches":{"total":34,"covered":0,"skipped":0,"pct":0}}
,"/Users/pranay/Documents/RE/OndoREDashboard/src/components/owner/score-breakdown-tooltip.tsx": {"lines":{"total":5,"covered":0,"skipped":0,"pct":0},"functions":{"total":2,"covered":0,"skipped":0,"pct":0},"statements":{"total":5,"covered":0,"skipped":0,"pct":0},"branches":{"total":13,"covered":0,"skipped":0,"pct":0}}
,"/Users/pranay/Documents/RE/OndoREDashboard/src/components/owner/screening-config-wizard.tsx": {"lines":{"total":105,"covered":0,"skipped":0,"pct":0},"functions":{"total":40,"covered":0,"skipped":0,"pct":0},"statements":{"total":110,"covered":0,"skipped":0,"pct":0},"branches":{"total":88,"covered":0,"skipped":0,"pct":0}}
,"/Users/pranay/Documents/RE/OndoREDashboard/src/components/owner/survey-manager.tsx": {"lines":{"total":66,"covered":0,"skipped":0,"pct":0},"functions":{"total":21,"covered":0,"skipped":0,"pct":0},"statements":{"total":70,"covered":0,"skipped":0,"pct":0},"branches":{"total":27,"covered":0,"skipped":0,"pct":0}}
,"/Users/pranay/Documents/RE/OndoREDashboard/src/components/owner/tax-filing-1099.tsx": {"lines":{"total":44,"covered":0,"skipped":0,"pct":0},"functions":{"total":20,"covered":0,"skipped":0,"pct":0},"statements":{"total":54,"covered":0,"skipped":0,"pct":0},"branches":{"total":28,"covered":0,"skipped":0,"pct":0}}
,"/Users/pranay/Documents/RE/OndoREDashboard/src/components/owner/tax-report.tsx": {"lines":{"total":6,"covered":0,"skipped":0,"pct":0},"functions":{"total":5,"covered":0,"skipped":0,"pct":0},"statements":{"total":6,"covered":0,"skipped":0,"pct":0},"branches":{"total":2,"covered":0,"skipped":0,"pct":0}}
,"/Users/pranay/Documents/RE/OndoREDashboard/src/components/owner/tenants-view.tsx": {"lines":{"total":21,"covered":0,"skipped":0,"pct":0},"functions":{"total":7,"covered":0,"skipped":0,"pct":0},"statements":{"total":24,"covered":0,"skipped":0,"pct":0},"branches":{"total":21,"covered":0,"skipped":0,"pct":0}}
,"/Users/pranay/Documents/RE/OndoREDashboard/src/components/owner/trust-accounting-panel.tsx": {"lines":{"total":47,"covered":0,"skipped":0,"pct":0},"functions":{"total":23,"covered":0,"skipped":0,"pct":0},"statements":{"total":59,"covered":0,"skipped":0,"pct":0},"branches":{"total":31,"covered":0,"skipped":0,"pct":0}}
,"/Users/pranay/Documents/RE/OndoREDashboard/src/components/owner/utility-billing-manager.tsx": {"lines":{"total":49,"covered":0,"skipped":0,"pct":0},"functions":{"total":24,"covered":0,"skipped":0,"pct":0},"statements":{"total":58,"covered":0,"skipped":0,"pct":0},"branches":{"total":27,"covered":0,"skipped":0,"pct":0}}
,"/Users/pranay/Documents/RE/OndoREDashboard/src/components/owner/vacancy-marketing.tsx": {"lines":{"total":68,"covered":0,"skipped":0,"pct":0},"functions":{"total":27,"covered":0,"skipped":0,"pct":0},"statements":{"total":78,"covered":0,"skipped":0,"pct":0},"branches":{"total":40,"covered":0,"skipped":0,"pct":0}}
,"/Users/pranay/Documents/RE/OndoREDashboard/src/components/portal/profile/index.ts": {"lines":{"total":0,"covered":0,"skipped":0,"pct":100},"functions":{"total":0,"covered":0,"skipped":0,"pct":100},"statements":{"total":0,"covered":0,"skipped":0,"pct":100},"branches":{"total":0,"covered":0,"skipped":0,"pct":100}}
,"/Users/pranay/Documents/RE/OndoREDashboard/src/components/portal/profile/profile-shell.tsx": {"lines":{"total":26,"covered":0,"skipped":0,"pct":0},"functions":{"total":9,"covered":0,"skipped":0,"pct":0},"statements":{"total":29,"covered":0,"skipped":0,"pct":0},"branches":{"total":44,"covered":0,"skipped":0,"pct":0}}
,"/Users/pranay/Documents/RE/OndoREDashboard/src/components/shared/add-tenant-dialog.tsx": {"lines":{"total":42,"covered":0,"skipped":0,"pct":0},"functions":{"total":21,"covered":0,"skipped":0,"pct":0},"statements":{"total":50,"covered":0,"skipped":0,"pct":0},"branches":{"total":76,"covered":0,"skipped":0,"pct":0}}
,"/Users/pranay/Documents/RE/OndoREDashboard/src/components/shared/dashboard-payment-history.tsx": {"lines":{"total":34,"covered":0,"skipped":0,"pct":0},"functions":{"total":10,"covered":0,"skipped":0,"pct":0},"statements":{"total":37,"covered":0,"skipped":0,"pct":0},"branches":{"total":34,"covered":0,"skipped":0,"pct":0}}
,"/Users/pranay/Documents/RE/OndoREDashboard/src/components/shared/documents-page.tsx": {"lines":{"total":147,"covered":0,"skipped":0,"pct":0},"functions":{"total":46,"covered":0,"skipped":0,"pct":0},"statements":{"total":165,"covered":0,"skipped":0,"pct":0},"branches":{"total":164,"covered":0,"skipped":0,"pct":0}}
,"/Users/pranay/Documents/RE/OndoREDashboard/src/components/shared/financial-reports-view.tsx": {"lines":{"total":83,"covered":0,"skipped":0,"pct":0},"functions":{"total":16,"covered":0,"skipped":0,"pct":0},"statements":{"total":89,"covered":0,"skipped":0,"pct":0},"branches":{"total":92,"covered":0,"skipped":0,"pct":0}}
,"/Users/pranay/Documents/RE/OndoREDashboard/src/components/shared/login-history.tsx": {"lines":{"total":29,"covered":0,"skipped":0,"pct":0},"functions":{"total":7,"covered":0,"skipped":0,"pct":0},"statements":{"total":29,"covered":0,"skipped":0,"pct":0},"branches":{"total":20,"covered":0,"skipped":0,"pct":0}}
,"/Users/pranay/Documents/RE/OndoREDashboard/src/components/shared/notification-preferences-grid.tsx": {"lines":{"total":4,"covered":0,"skipped":0,"pct":0},"functions":{"total":3,"covered":0,"skipped":0,"pct":0},"statements":{"total":4,"covered":0,"skipped":0,"pct":0},"branches":{"total":2,"covered":0,"skipped":0,"pct":0}}
,"/Users/pranay/Documents/RE/OndoREDashboard/src/components/shared/notification-preferences-panel.tsx": {"lines":{"total":39,"covered":0,"skipped":0,"pct":0},"functions":{"total":16,"covered":0,"skipped":0,"pct":0},"statements":{"total":43,"covered":0,"skipped":0,"pct":0},"branches":{"total":8,"covered":0,"skipped":0,"pct":0}}
,"/Users/pranay/Documents/RE/OndoREDashboard/src/components/shared/notifications-list-page.tsx": {"lines":{"total":43,"covered":0,"skipped":0,"pct":0},"functions":{"total":15,"covered":0,"skipped":0,"pct":0},"statements":{"total":49,"covered":0,"skipped":0,"pct":0},"branches":{"total":44,"covered":0,"skipped":0,"pct":0}}
,"/Users/pranay/Documents/RE/OndoREDashboard/src/components/shared/property-rent-schedule-section.tsx": {"lines":{"total":26,"covered":0,"skipped":0,"pct":0},"functions":{"total":8,"covered":0,"skipped":0,"pct":0},"statements":{"total":29,"covered":0,"skipped":0,"pct":0},"branches":{"total":27,"covered":0,"skipped":0,"pct":0}}
,"/Users/pranay/Documents/RE/OndoREDashboard/src/components/shared/referral-program.tsx": {"lines":{"total":79,"covered":0,"skipped":0,"pct":0},"functions":{"total":24,"covered":0,"skipped":0,"pct":0},"statements":{"total":85,"covered":0,"skipped":0,"pct":0},"branches":{"total":77,"covered":0,"skipped":0,"pct":0}}
,"/Users/pranay/Documents/RE/OndoREDashboard/src/components/shared/referral-share-widget.tsx": {"lines":{"total":24,"covered":0,"skipped":0,"pct":0},"functions":{"total":8,"covered":0,"skipped":0,"pct":0},"statements":{"total":27,"covered":0,"skipped":0,"pct":0},"branches":{"total":22,"covered":0,"skipped":0,"pct":0}}
,"/Users/pranay/Documents/RE/OndoREDashboard/src/components/shared/role-finances-view.tsx": {"lines":{"total":100,"covered":0,"skipped":0,"pct":0},"functions":{"total":22,"covered":0,"skipped":0,"pct":0},"statements":{"total":107,"covered":0,"skipped":0,"pct":0},"branches":{"total":90,"covered":0,"skipped":0,"pct":0}}
,"/Users/pranay/Documents/RE/OndoREDashboard/src/components/shared/schedule-event-dialog.tsx": {"lines":{"total":52,"covered":0,"skipped":0,"pct":0},"functions":{"total":24,"covered":0,"skipped":0,"pct":0},"statements":{"total":57,"covered":0,"skipped":0,"pct":0},"branches":{"total":30,"covered":0,"skipped":0,"pct":0}}
,"/Users/pranay/Documents/RE/OndoREDashboard/src/components/shared/screening-list-page.tsx": {"lines":{"total":87,"covered":0,"skipped":0,"pct":0},"functions":{"total":30,"covered":0,"skipped":0,"pct":0},"statements":{"total":92,"covered":0,"skipped":0,"pct":0},"branches":{"total":86,"covered":0,"skipped":0,"pct":0}}
,"/Users/pranay/Documents/RE/OndoREDashboard/src/components/shared/shared-owners-view.tsx": {"lines":{"total":40,"covered":0,"skipped":0,"pct":0},"functions":{"total":13,"covered":0,"skipped":0,"pct":0},"statements":{"total":42,"covered":0,"skipped":0,"pct":0},"branches":{"total":37,"covered":0,"skipped":0,"pct":0}}
,"/Users/pranay/Documents/RE/OndoREDashboard/src/components/shared/shared-properties-view.tsx": {"lines":{"total":53,"covered":0,"skipped":0,"pct":0},"functions":{"total":21,"covered":0,"skipped":0,"pct":0},"statements":{"total":60,"covered":0,"skipped":0,"pct":0},"branches":{"total":54,"covered":0,"skipped":0,"pct":0}}
,"/Users/pranay/Documents/RE/OndoREDashboard/src/components/stripe/StripeAddPaymentMethod.tsx": {"lines":{"total":21,"covered":0,"skipped":0,"pct":0},"functions":{"total":3,"covered":0,"skipped":0,"pct":0},"statements":{"total":22,"covered":0,"skipped":0,"pct":0},"branches":{"total":18,"covered":0,"skipped":0,"pct":0}}
,"/Users/pranay/Documents/RE/OndoREDashboard/src/components/stripe/StripePaymentForm.tsx": {"lines":{"total":19,"covered":0,"skipped":0,"pct":0},"functions":{"total":3,"covered":0,"skipped":0,"pct":0},"statements":{"total":20,"covered":0,"skipped":0,"pct":0},"branches":{"total":18,"covered":0,"skipped":0,"pct":0}}
,"/Users/pranay/Documents/RE/OndoREDashboard/src/components/super-admin/super-admin-admins.tsx": {"lines":{"total":4,"covered":0,"skipped":0,"pct":0},"functions":{"total":1,"covered":0,"skipped":0,"pct":0},"statements":{"total":4,"covered":0,"skipped":0,"pct":0},"branches":{"total":4,"covered":0,"skipped":0,"pct":0}}
,"/Users/pranay/Documents/RE/OndoREDashboard/src/components/super-admin/super-admin-calendar.tsx": {"lines":{"total":31,"covered":0,"skipped":0,"pct":0},"functions":{"total":16,"covered":0,"skipped":0,"pct":0},"statements":{"total":34,"covered":0,"skipped":0,"pct":0},"branches":{"total":26,"covered":0,"skipped":0,"pct":0}}
[...]
,"/Users/pranay/Documents/RE/OndoREDashboard/src/lib/api/clients/accounting.ts": {"lines":{"total":33,"covered":1,"skipped":0,"pct":3.03},"functions":{"total":11,"covered":0,"skipped":0,"pct":0},"statements":{"total":36,"covered":1,"skipped":0,"pct":2.77},"branches":{"total":10,"covered":0,"skipped":0,"pct":0}}
,"/Users/pranay/Documents/RE/OndoREDashboard/src/lib/api/clients/assistant.ts": {"lines":{"total":6,"covered":1,"skipped":0,"pct":16.66},"functions":{"total":2,"covered":0,"skipped":0,"pct":0},"statements":{"total":6,"covered":1,"skipped":0,"pct":16.66},"branches":{"total":0,"covered":0,"skipped":0,"pct":100}}
,"/Users/pranay/Documents/RE/OndoREDashboard/src/lib/api/clients/auth.ts": {"lines":{"total":32,"covered":1,"skipped":0,"pct":3.12},"functions":{"total":18,"covered":0,"skipped":0,"pct":0},"statements":{"total":32,"covered":1,"skipped":0,"pct":3.12},"branches":{"total":2,"covered":0,"skipped":0,"pct":0}}
,"/Users/pranay/Documents/RE/OndoREDashboard/src/lib/api/clients/calendar.ts": {"lines":{"total":11,"covered":1,"skipped":0,"pct":9.09},"functions":{"total":5,"covered":0,"skipped":0,"pct":0},"statements":{"total":11,"covered":1,"skipped":0,"pct":9.09},"branches":{"total":4,"covered":0,"skipped":0,"pct":0}}
,"/Users/pranay/Documents/RE/OndoREDashboard/src/lib/api/clients/dashboard.ts": {"lines":{"total":41,"covered":1,"skipped":0,"pct":2.43},"functions":{"total":20,"covered":0,"skipped":0,"pct":0},"statements":{"total":42,"covered":1,"skipped":0,"pct":2.38},"branches":{"total":8,"covered":0,"skipped":0,"pct":0}}
,"/Users/pranay/Documents/RE/OndoREDashboard/src/lib/api/clients/documents.ts": {"lines":{"total":22,"covered":1,"skipped":0,"pct":4.54},"functions":{"total":10,"covered":0,"skipped":0,"pct":0},"statements":{"total":22,"covered":1,"skipped":0,"pct":4.54},"branches":{"total":9,"covered":0,"skipped":0,"pct":0}}
,"/Users/pranay/Documents/RE/OndoREDashboard/src/lib/api/clients/feature-api.ts": {"lines":{"total":925,"covered":3,"skipped":0,"pct":0.32},"functions":{"total":439,"covered":0,"skipped":0,"pct":0},"statements":{"total":938,"covered":3,"skipped":0,"pct":0.31},"branches":{"total":294,"covered":0,"skipped":0,"pct":0}}
,"/Users/pranay/Documents/RE/OndoREDashboard/src/lib/api/clients/handoff.ts": {"lines":{"total":19,"covered":1,"skipped":0,"pct":5.26},"functions":{"total":6,"covered":0,"skipped":0,"pct":0},"statements":{"total":20,"covered":1,"skipped":0,"pct":5},"branches":{"total":8,"covered":0,"skipped":0,"pct":0}}
,"/Users/pranay/Documents/RE/OndoREDashboard/src/lib/api/clients/homeowner-api.ts": {"lines":{"total":33,"covered":1,"skipped":0,"pct":3.03},"functions":{"total":29,"covered":0,"skipped":0,"pct":0},"statements":{"total":33,"covered":1,"skipped":0,"pct":3.03},"branches":{"total":0,"covered":0,"skipped":0,"pct":100}}
,"/Users/pranay/Documents/RE/OndoREDashboard/src/lib/api/clients/inbox.ts": {"lines":{"total":37,"covered":1,"skipped":0,"pct":2.7},"functions":{"total":20,"covered":0,"skipped":0,"pct":0},"statements":{"total":37,"covered":1,"skipped":0,"pct":2.7},"branches":{"total":0,"covered":0,"skipped":0,"pct":100}}
,"/Users/pranay/Documents/RE/OndoREDashboard/src/lib/api/clients/lead.ts": {"lines":{"total":26,"covered":1,"skipped":0,"pct":3.84},"functions":{"total":14,"covered":0,"skipped":0,"pct":0},"statements":{"total":30,"covered":1,"skipped":0,"pct":3.33},"branches":{"total":8,"covered":0,"skipped":0,"pct":0}}
,"/Users/pranay/Documents/RE/OndoREDashboard/src/lib/api/clients/leases.ts": {"lines":{"total":18,"covered":0,"skipped":0,"pct":0},"functions":{"total":8,"covered":0,"skipped":0,"pct":0},"statements":{"total":18,"covered":0,"skipped":0,"pct":0},"branches":{"total":13,"covered":0,"skipped":0,"pct":0}}
,"/Users/pranay/Documents/RE/OndoREDashboard/src/lib/api/clients/legacy-types.ts": {"lines":{"total":0,"covered":0,"skipped":0,"pct":100},"functions":{"total":0,"covered":0,"skipped":0,"pct":100},"statements":{"total":0,"covered":0,"skipped":0,"pct":100},"branches":{"total":0,"covered":0,"skipped":0,"pct":100}}
,"/Users/pranay/Documents/RE/OndoREDashboard/src/lib/api/clients/maintenance.ts": {"lines":{"total":42,"covered":1,"skipped":0,"pct":2.38},"functions":{"total":13,"covered":0,"skipped":0,"pct":0},"statements":{"total":45,"covered":1,"skipped":0,"pct":2.22},"branches":{"total":27,"covered":0,"skipped":0,"pct":0}}
,"/Users/pranay/Documents/RE/OndoREDashboard/src/lib/api/clients/notifications.ts": {"lines":{"total":23,"covered":1,"skipped":0,"pct":4.34},"functions":{"total":9,"covered":0,"skipped":0,"pct":0},"statements":{"total":25,"covered":1,"skipped":0,"pct":4},"branches":{"total":9,"covered":0,"skipped":0,"pct":0}}
,"/Users/pranay/Documents/RE/OndoREDashboard/src/lib/api/clients/owner-statements.ts": {"lines":{"total":12,"covered":1,"skipped":0,"pct":8.33},"functions":{"total":5,"covered":0,"skipped":0,"pct":0},"statements":{"total":12,"covered":1,"skipped":0,"pct":8.33},"branches":{"total":2,"covered":0,"skipped":0,"pct":0}}
,"/Users/pranay/Documents/RE/OndoREDashboard/src/lib/api/clients/payment-config.ts": {"lines":{"total":7,"covered":1,"skipped":0,"pct":14.28},"functions":{"total":3,"covered":0,"skipped":0,"pct":0},"statements":{"total":7,"covered":1,"skipped":0,"pct":14.28},"branches":{"total":0,"covered":0,"skipped":0,"pct":100}}
,"/Users/pranay/Documents/RE/OndoREDashboard/src/lib/api/clients/pricing.ts": {"lines":{"total":13,"covered":1,"skipped":0,"pct":7.69},"functions":{"total":6,"covered":0,"skipped":0,"pct":0},"statements":{"total":13,"covered":1,"skipped":0,"pct":7.69},"branches":{"total":0,"covered":0,"skipped":0,"pct":100}}
,"/Users/pranay/Documents/RE/OndoREDashboard/src/lib/api/clients/property.ts": {"lines":{"total":49,"covered":1,"skipped":0,"pct":2.04},"functions":{"total":16,"covered":0,"skipped":0,"pct":0},"statements":{"total":49,"covered":1,"skipped":0,"pct":2.04},"branches":{"total":33,"covered":0,"skipped":0,"pct":0}}
,"/Users/pranay/Documents/RE/OndoREDashboard/src/lib/api/clients/quality.ts": {"lines":{"total":8,"covered":1,"skipped":0,"pct":12.5},"functions":{"total":4,"covered":0,"skipped":0,"pct":0},"statements":{"total":8,"covered":1,"skipped":0,"pct":12.5},"branches":{"total":0,"covered":0,"skipped":0,"pct":100}}
,"/Users/pranay/Documents/RE/OndoREDashboard/src/lib/api/clients/referrals.ts": {"lines":{"total":14,"covered":2,"skipped":0,"pct":14.28},"functions":{"total":12,"covered":0,"skipped":0,"pct":0},"statements":{"total":14,"covered":2,"skipped":0,"pct":14.28},"branches":{"total":10,"covered":1,"skipped":0,"pct":10}}
,"/Users/pranay/Documents/RE/OndoREDashboard/src/lib/api/clients/rent-schedules.ts": {"lines":{"total":16,"covered":1,"skipped":0,"pct":6.25},"functions":{"total":7,"covered":0,"skipped":0,"pct":0},"statements":{"total":16,"covered":1,"skipped":0,"pct":6.25},"branches":{"total":2,"covered":0,"skipped":0,"pct":0}}
,"/Users/pranay/Documents/RE/OndoREDashboard/src/lib/api/clients/reports.ts": {"lines":{"total":47,"covered":1,"skipped":0,"pct":2.12},"functions":{"total":11,"covered":0,"skipped":0,"pct":0},"statements":{"total":52,"covered":1,"skipped":0,"pct":1.92},"branches":{"total":16,"covered":0,"skipped":0,"pct":0}}
,"/Users/pranay/Documents/RE/OndoREDashboard/src/lib/api/clients/screening.ts": {"lines":{"total":14,"covered":1,"skipped":0,"pct":7.14},"functions":{"total":3,"covered":0,"skipped":0,"pct":0},"statements":{"total":17,"covered":1,"skipped":0,"pct":5.88},"branches":{"total":9,"covered":0,"skipped":0,"pct":0}}
,"/Users/pranay/Documents/RE/OndoREDashboard/src/lib/api/clients/tasks.ts": {"lines":{"total":18,"covered":1,"skipped":0,"pct":5.55},"functions":{"total":8,"covered":0,"skipped":0,"pct":0},"statements":{"total":18,"covered":1,"skipped":0,"pct":5.55},"branches":{"total":4,"covered":0,"skipped":0,"pct":0}}
,"/Users/pranay/Documents/RE/OndoREDashboard/src/lib/api/clients/tenant-screening.ts": {"lines":{"total":90,"covered":1,"skipped":0,"pct":1.11},"functions":{"total":26,"covered":0,"skipped":0,"pct":0},"statements":{"total":105,"covered":1,"skipped":0,"pct":0.95},"branches":{"total":68,"covered":0,"skipped":0,"pct":0}}
,"/Users/pranay/Documents/RE/OndoREDashboard/src/lib/api/clients/token-manager.ts": {"lines":{"total":49,"covered":8,"skipped":0,"pct":16.32},"functions":{"total":13,"covered":2,"skipped":0,"pct":15.38},"statements":{"total":54,"covered":9,"skipped":0,"pct":16.66},"branches":{"total":23,"covered":0,"skipped":0,"pct":0}}
,"/Users/pranay/Documents/RE/OndoREDashboard/src/lib/api/clients/vendors.ts": {"lines":{"total":24,"covered":1,"skipped":0,"pct":4.16},"functions":{"total":8,"covered":0,"skipped":0,"pct":0},"statements":{"total":28,"covered":1,"skipped":0,"pct":3.57},"branches":{"total":10,"covered":0,"skipped":0,"pct":0}}
,"/Users/pranay/Documents/RE/OndoREDashboard/src/lib/api/clients/workflows.ts": {"lines":{"total":8,"covered":1,"skipped":0,"pct":12.5},"functions":{"total":4,"covered":0,"skipped":0,"pct":0},"statements":{"total":8,"covered":1,"skipped":0,"pct":12.5},"branches":{"total":0,"covered":0,"skipped":0,"pct":100}}
,"/Users/pranay/Documents/RE/OndoREDashboard/src/lib/api/types/ondo-types.ts": {"lines":{"total":9,"covered":9,"skipped":0,"pct":100},"functions":{"total":1,"covered":1,"skipped":0,"pct":100},"statements":{"total":9,"covered":9,"skipped":0,"pct":100},"branches":{"total":0,"covered":0,"skipped":0,"pct":100}}
,"/Users/pranay/Documents/RE/OndoREDashboard/src/pages/About.tsx": {"lines":{"total":5,"covered":0,"skipped":0,"pct":0},"functions":{"total":3,"covered":0,"skipped":0,"pct":0},"statements":{"total":5,"covered":0,"skipped":0,"pct":0},"branches":{"total":0,"covered":0,"skipped":0,"pct":100}}
,"/Users/pranay/Documents/RE/OndoREDashboard/src/pages/Admin.tsx": {"lines":{"total":18,"covered":0,"skipped":0,"pct":0},"functions":{"total":20,"covered":0,"skipped":0,"pct":0},"statements":{"total":37,"covered":0,"skipped":0,"pct":0},"branches":{"total":0,"covered":0,"skipped":0,"pct":100}}
,"/Users/pranay/Documents/RE/OndoREDashboard/src/pages/Contact.tsx": {"lines":{"total":26,"covered":0,"skipped":0,"pct":0},"functions":{"total":10,"covered":0,"skipped":0,"pct":0},"statements":{"total":28,"covered":0,"skipped":0,"pct":0},"branches":{"total":80,"covered":0,"skipped":0,"pct":0}}
,"/Users/pranay/Documents/RE/OndoREDashboard/src/pages/FAQ.tsx": {"lines":{"total":5,"covered":0,"skipped":0,"pct":0},"functions":{"total":3,"covered":0,"skipped":0,"pct":0},"statements":{"total":5,"covered":0,"skipped":0,"pct":0},"branches":{"total":0,"covered":0,"skipped":0,"pct":100}}
,"/Users/pranay/Documents/RE/OndoREDashboard/src/pages/Features.tsx": {"lines":{"total":11,"covered":0,"skipped":0,"pct":0},"functions":{"total":6,"covered":0,"skipped":0,"pct":0},"statements":{"total":11,"covered":0,"skipped":0,"pct":0},"branches":{"total":2,"covered":0,"skipped":0,"pct":0}}
,"/Users/pranay/Documents/RE/OndoREDashboard/src/pages/ForgotPassword.tsx": {"lines":{"total":36,"covered":0,"skipped":0,"pct":0},"functions":{"total":4,"covered":0,"skipped":0,"pct":0},"statements":{"total":36,"covered":0,"skipped":0,"pct":0},"branches":{"total":29,"covered":0,"skipped":0,"pct":0}}
,"/Users/pranay/Documents/RE/OndoREDashboard/src/pages/FreeTrial.tsx": {"lines":{"total":11,"covered":0,"skipped":0,"pct":0},"functions":{"total":6,"covered":0,"skipped":0,"pct":0},"statements":{"total":13,"covered":0,"skipped":0,"pct":0},"branches":{"total":0,"covered":0,"skipped":0,"pct":100}}
,"/Users/pranay/Documents/RE/OndoREDashboard/src/pages/Handoff.tsx": {"lines":{"total":235,"covered":0,"skipped":0,"pct":0},"functions":{"total":43,"covered":0,"skipped":0,"pct":0},"statements":{"total":247,"covered":0,"skipped":0,"pct":0},"branches":{"total":244,"covered":0,"skipped":0,"pct":0}}
,"/Users/pranay/Documents/RE/OndoREDashboard/src/pages/Home.tsx": {"lines":{"total":1,"covered":0,"skipped":0,"pct":0},"functions":{"total":1,"covered":0,"skipped":0,"pct":0},"statements":{"total":1,"covered":0,"skipped":0,"pct":0},"branches":{"total":0,"covered":0,"skipped":0,"pct":100}}
,"/Users/pranay/Documents/RE/OndoREDashboard/src/pages/Login.tsx": {"lines":{"total":100,"covered":0,"skipped":0,"pct":0},"functions":{"total":24,"covered":0,"skipped":0,"pct":0},"statements":{"total":105,"covered":0,"skipped":0,"pct":0},"branches":{"total":104,"covered":0,"skipped":0,"pct":0}}
,"/Users/pranay/Documents/RE/OndoREDashboard/src/pages/Maintenance.tsx": {"lines":{"total":1,"covered":0,"skipped":0,"pct":0},"functions":{"total":1,"covered":0,"skipped":0,"pct":0},"statements":{"total":1,"covered":0,"skipped":0,"pct":0},"branches":{"total":0,"covered":0,"skipped":0,"pct":100}}
,"/Users/pranay/Documents/RE/OndoREDashboard/src/pages/Manager.tsx": {"lines":{"total":19,"covered":0,"skipped":0,"pct":0},"functions":{"total":22,"covered":0,"skipped":0,"pct":0},"statements":{"total":40,"covered":0,"skipped":0,"pct":0},"branches":{"total":0,"covered":0,"skipped":0,"pct":100}}
,"/Users/pranay/Documents/RE/OndoREDashboard/src/pages/Owner.tsx": {"lines":{"total":28,"covered":0,"skipped":0,"pct":0},"functions":{"total":40,"covered":0,"skipped":0,"pct":0},"statements":{"total":67,"covered":0,"skipped":0,"pct":0},"branches":{"total":0,"covered":0,"skipped":0,"pct":100}}
,"/Users/pranay/Documents/RE/OndoREDashboard/src/pages/PageNotFound.tsx": {"lines":{"total":10,"covered":0,"skipped":0,"pct":0},"functions":{"total":2,"covered":0,"skipped":0,"pct":0},"statements":{"total":10,"covered":0,"skipped":0,"pct":0},"branches":{"total":6,"covered":0,"skipped":0,"pct":0}}
,"/Users/pranay/Documents/RE/OndoREDashboard/src/pages/Pricing.tsx": {"lines":{"total":31,"covered":0,"skipped":0,"pct":0},"functions":{"total":10,"covered":0,"skipped":0,"pct":0},"statements":{"total":36,"covered":0,"skipped":0,"pct":0},"branches":{"total":18,"covered":0,"skipped":0,"pct":0}}
,"/Users/pranay/Documents/RE/OndoREDashboard/src/pages/Privacy.tsx": {"lines":{"total":3,"covered":0,"skipped":0,"pct":0},"functions":{"total":2,"covered":0,"skipped":0,"pct":0},"statements":{"total":3,"covered":0,"skipped":0,"pct":0},"branches":{"total":0,"covered":0,"skipped":0,"pct":100}}
,"/Users/pranay/Documents/RE/OndoREDashboard/src/pages/Product.tsx": {"lines":{"total":15,"covered":0,"skipped":0,"pct":0},"functions":{"total":7,"covered":0,"skipped":0,"pct":0},"statements":{"total":17,"covered":0,"skipped":0,"pct":0},"branches":{"total":6,"covered":0,"skipped":0,"pct":0}}
,"/Users/pranay/Documents/RE/OndoREDashboard/src/pages/Properties.tsx": {"lines":{"total":1,"covered":0,"skipped":0,"pct":0},"functions":{"total":1,"covered":0,"skipped":0,"pct":0},"statements":{"total":1,"covered":0,"skipped":0,"pct":0},"branches":{"total":0,"covered":0,"skipped":0,"pct":100}}
,"/Users/pranay/Documents/RE/OndoREDashboard/src/pages/Register.tsx": {"lines":{"total":25,"covered":0,"skipped":0,"pct":0},"functions":{"total":5,"covered":0,"skipped":0,"pct":0},"statements":{"total":25,"covered":0,"skipped":0,"pct":0},"branches":{"total":42,"covered":0,"skipped":0,"pct":0}}
,"/Users/pranay/Documents/RE/OndoREDashboard/src/pages/ResetPassword.tsx": {"lines":{"total":79,"covered":0,"skipped":0,"pct":0},"functions":{"total":9,"covered":0,"skipped":0,"pct":0},"statements":{"total":79,"covered":0,"skipped":0,"pct":0},"branches":{"total":72,"covered":0,"skipped":0,"pct":0}}
,"/Users/pranay/Documents/RE/OndoREDashboard/src/pages/Search.tsx": {"lines":{"total":1,"covered":0,"skipped":0,"pct":0},"functions":{"total":1,"covered":0,"skipped":0,"pct":0},"statements":{"total":1,"covered":0,"skipped":0,"pct":0},"branches":{"total":0,"covered":0,"skipped":0,"pct":100}}
,"/Users/pranay/Documents/RE/OndoREDashboard/src/pages/Signup.tsx": {"lines":{"total":78,"covered":0,"skipped":0,"pct":0},"functions":{"total":16,"covered":0,"skipped":0,"pct":0},"statements":{"total":79,"covered":0,"skipped":0,"pct":0},"branches":{"total":78,"covered":0,"skipped":0,"pct":0}}
,"/Users/pranay/Documents/RE/OndoREDashboard/src/pages/SuperAdmin.tsx": {"lines":{"total":2,"covered":0,"skipped":0,"pct":0},"functions":{"total":2,"covered":0,"skipped":0,"pct":0},"statements":{"total":3,"covered":0,"skipped":0,"pct":0},"branches":{"total":0,"covered":0,"skipped":0,"pct":100}}
,"/Users/pranay/Documents/RE/OndoREDashboard/src/pages/Tenant.tsx": {"lines":{"total":19,"covered":0,"skipped":0,"pct":0},"functions":{"total":25,"covered":0,"skipped":0,"pct":0},"statements":{"total":43,"covered":0,"skipped":0,"pct":0},"branches":{"total":0,"covered":0,"skipped":0,"pct":100}}
,"/Users/pranay/Documents/RE/OndoREDashboard/src/pages/Terms.tsx": {"lines":{"total":5,"covered":0,"skipped":0,"pct":0},"functions":{"total":3,"covered":0,"skipped":0,"pct":0},"statements":{"total":5,"covered":0,"skipped":0,"pct":0},"branches":{"total":0,"covered":0,"skipped":0,"pct":100}}
,"/Users/pranay/Documents/RE/OndoREDashboard/src/pages/Verify.tsx": {"lines":{"total":1,"covered":0,"skipped":0,"pct":0},"functions":{"total":1,"covered":0,"skipped":0,"pct":0},"statements":{"total":1,"covered":0,"skipped":0,"pct":0},"branches":{"total":0,"covered":0,"skipped":0,"pct":100}}
,"/Users/pranay/Documents/RE/OndoREDashboard/src/types/handoff.types.ts": {"lines":{"total":0,"covered":0,"skipped":0,"pct":100},"functions":{"total":0,"covered":0,"skipped":0,"pct":100},"statements":{"total":0,"covered":0,"skipped":0,"pct":100},"branches":{"total":0,"covered":0,"skipped":0,"pct":100}}
,"/Users/pranay/Documents/RE/OndoREDashboard/src/types/app/login/page.ts": {"lines":{"total":0,"covered":0,"skipped":0,"pct":100},"functions":{"total":0,"covered":0,"skipped":0,"pct":100},"statements":{"total":0,"covered":0,"skipped":0,"pct":100},"branches":{"total":0,"covered":0,"skipped":0,"pct":100}}
,"/Users/pranay/Documents/RE/OndoREDashboard/src/types/app/property-management/page.ts": {"lines":{"total":0,"covered":0,"skipped":0,"pct":100},"functions":{"total":0,"covered":0,"skipped":0,"pct":100},"statements":{"total":0,"covered":0,"skipped":0,"pct":100},"branches":{"total":0,"covered":0,"skipped":0,"pct":100}}
,"/Users/pranay/Documents/RE/OndoREDashboard/src/types/app/property-management/[city]/page.ts": {"lines":{"total":0,"covered":0,"skipped":0,"pct":100},"functions":{"total":0,"covered":0,"skipped":0,"pct":100},"statements":{"total":0,"covered":0,"skipped":0,"pct":100},"branches":{"total":0,"covered":0,"skipped":0,"pct":100}}
,"/Users/pranay/Documents/RE/OndoREDashboard/src/types/app/property-management/zip/[zip]/page.ts": {"lines":{"total":0,"covered":0,"skipped":0,"pct":100},"functions":{"total":0,"covered":0,"skipped":0,"pct":100},"statements":{"total":0,"covered":0,"skipped":0,"pct":100},"branches":{"total":0,"covered":0,"skipped":0,"pct":100}}
,"/Users/pranay/Documents/RE/OndoREDashboard/src/utils/address.ts": {"lines":{"total":10,"covered":0,"skipped":0,"pct":0},"functions":{"total":4,"covered":0,"skipped":0,"pct":0},"statements":{"total":10,"covered":0,"skipped":0,"pct":0},"branches":{"total":14,"covered":0,"skipped":0,"pct":0}}
,"/Users/pranay/Documents/RE/OndoREDashboard/src/utils/payment.utils.ts": {"lines":{"total":57,"covered":0,"skipped":0,"pct":0},"functions":{"total":10,"covered":0,"skipped":0,"pct":0},"statements":{"total":69,"covered":0,"skipped":0,"pct":0},"branches":{"total":68,"covered":0,"skipped":0,"pct":0}}
,"/Users/pranay/Documents/RE/OndoREDashboard/src/utils/pdf-generator.ts": {"lines":{"total":102,"covered":0,"skipped":0,"pct":0},"functions":{"total":19,"covered":0,"skipped":0,"pct":0},"statements":{"total":108,"covered":0,"skipped":0,"pct":0},"branches":{"total":151,"covered":0,"skipped":0,"pct":0}}
,"/Users/pranay/Documents/RE/OndoREDashboard/src/utils/validation.utils.ts": {"lines":{"total":88,"covered":0,"skipped":0,"pct":0},"functions":{"total":31,"covered":0,"skipped":0,"pct":0},"statements":{"total":100,"covered":0,"skipped":0,"pct":0},"branches":{"total":94,"covered":0,"skipped":0,"pct":0}}
}
